2022-07-26 10:49:10  GET /api/fiche-pedagogiques 200 11.044 ms - 6355 Body {} 
2022-07-26 10:49:12  GET /api/articles?limit=6 200 6.518 ms - 419 Body {} 
2022-07-26 10:49:12  GET /api/fiche-pedagogiques 304 8.474 ms - - Body {} 
2022-07-26 10:49:18  GET /api/fiche-pedagogiques 304 3.960 ms - - Body {} 
2022-07-26 10:49:20  GET /api/fiche-pedagogique/1 200 3.335 ms - 3087 Body {} 
2022-07-26 10:49:23  GET /api/fiche-pedagogiques 304 5.326 ms - - Body {} 
2022-07-26 10:49:23  GET /api/articles?limit=6 304 9.458 ms - - Body {} 
2022-07-26 10:50:7  POST /api/user/login 200 65.399 ms - 784 Body {"email":"charlotte@gmail.com","password":"U2FsdGVkX18kG1ZCOoF81tHUxM4FaoPIpuHeVUSeAJg="} 
2022-07-26 10:50:8  GET /api/fiche-pedagogiques 304 5.143 ms - - Body {} 
2022-07-26 10:50:8  GET /api/articles?limit=6 304 4.199 ms - - Body {} 
2022-07-26 10:50:8  GET /api/user/4/paniers 200 8.461 ms - 22 Body {} 
2022-07-26 10:50:26  POST /api/panier 200 8.279 ms - 62 Body {"user":4,"article":1,"quantite":1,"id":5} 
2022-07-26 10:50:28  GET /api/user/4/paniers 200 3.048 ms - 463 Body {} 
2022-07-26 10:50:39  GET /api/fiche-pedagogiques 304 4.934 ms - - Body {} 
2022-07-26 10:50:39  GET /api/articles?limit=6 304 3.936 ms - - Body {} 
2022-07-26 11:3:36  GET /api/fiche-pedagogiques 200 3.327 ms - 6355 Body {} 
2022-07-26 11:3:36  GET /api/articles?limit=6 200 4.027 ms - 419 Body {} 
2022-07-26 11:4:17  GET /api/fiche-pedagogiques 200 2.309 ms - 6355 Body {} 
2022-07-26 11:4:31  GET /api/fiche-pedagogique/1 200 2.564 ms - 3087 Body {} 
2022-07-26 11:4:52  GET /api/fiche-pedagogique/1 304 2.436 ms - - Body {} 
2022-07-26 11:5:7  GET /api/fiche-pedagogique/1 304 1.672 ms - - Body {} 
2022-07-26 11:5:8  GET /api/fiche-pedagogique/1 200 2.217 ms - 3087 Body {} 
2022-07-26 11:5:8  GET /api/user/4/paniers 304 3.122 ms - - Body {} 
2022-07-26 11:5:14  GET /api/fiche-pedagogique/1 304 2.124 ms - - Body {} 
2022-07-26 11:6:11  GET /api/fiche-pedagogiques 304 2.485 ms - - Body {} 
2022-07-26 11:6:11  GET /api/articles?limit=6 304 3.569 ms - - Body {} 
2022-07-26 11:6:32  GET /api/fiche-pedagogiques 304 3.219 ms - - Body {} 
2022-07-26 11:6:32  GET /api/articles?limit=6 304 3.812 ms - - Body {} 
2022-07-26 11:6:39  GET /api/articles 200 2.220 ms - 419 Body {} 
2022-07-26 11:7:48  GET /api/articles 304 2.135 ms - - Body {} 
2022-07-26 11:8:4  GET /api/fiche-pedagogiques 304 1.999 ms - - Body {} 
2022-07-26 11:8:4  GET /api/articles?limit=6 304 2.597 ms - - Body {} 
2022-07-26 11:8:22  GET /api/fiche-pedagogiques 200 3.399 ms - 6355 Body {} 
2022-07-26 11:8:22  GET /api/articles?limit=6 304 2.755 ms - - Body {} 
2022-07-26 11:8:22  GET /api/user/4/paniers 304 3.030 ms - - Body {} 
2022-07-26 11:8:36  GET /api/fiche-pedagogiques 304 2.128 ms - - Body {} 
2022-07-26 11:8:36  GET /api/articles?limit=6 304 2.557 ms - - Body {} 
2022-07-26 11:8:58  GET /api/fiche-pedagogiques 304 3.758 ms - - Body {} 
2022-07-26 11:8:58  GET /api/articles?limit=6 304 3.343 ms - - Body {} 
2022-07-26 11:9:4  GET /api/articles 200 1.540 ms - 419 Body {} 
2022-07-26 11:9:7  GET /api/fiche-pedagogiques 304 1.905 ms - - Body {} 
2022-07-26 11:9:7  GET /api/articles?limit=6 304 2.642 ms - - Body {} 
2022-07-26 11:9:22  GET /api/fiche-pedagogiques 304 2.573 ms - - Body {} 
2022-07-26 11:9:22  GET /api/articles?limit=6 304 2.856 ms - - Body {} 
2022-07-26 11:10:14  GET /api/fiche-pedagogiques 304 2.435 ms - - Body {} 
2022-07-26 11:10:14  GET /api/articles?limit=6 304 2.290 ms - - Body {} 
2022-07-26 11:11:2  GET /api/articles 304 1.756 ms - - Body {} 
2022-07-26 11:12:3  GET /api/user/4/paniers 304 3.165 ms - - Body {} 
2022-07-26 11:12:5  POST /api/user/4/panier 200 14.175 ms - 229 Body {} 
2022-07-26 11:12:14  GET /api/user/4/commandes 200 3.661 ms - 534 Body {} 
2022-07-26 11:15:2  GET /api/fiche-pedagogiques 304 3.745 ms - - Body {} 
2022-07-26 11:15:2  GET /api/articles?limit=6 304 3.541 ms - - Body {} 
2022-07-26 11:15:40  GET /api/user/4/paniers 200 2.080 ms - 22 Body {} 
2022-07-26 11:15:48  GET /api/user/4/commandes 304 3.368 ms - - Body {} 
2022-07-26 11:22:4  GET /api/user/4/parcours-ecolo 200 6.871 ms - 22 Body {} 
2022-07-26 11:22:8  GET /api/villes?limit=10 200 2.883 ms - 547 Body {} 
2022-07-26 11:23:33  GET /api/user/4/paniers 304 2.235 ms - - Body {} 
2022-07-26 11:24:6  GET /api/user/4/paniers 304 2.464 ms - - Body {} 
2022-07-26 11:24:34  GET /api/user/4/paniers 304 2.774 ms - - Body {} 
2022-07-26 11:26:35  GET /api/user/4/paniers 304 2.418 ms - - Body {} 
2022-07-26 11:30:14  GET /api/user/4/paniers 304 3.635 ms - - Body {} 
2022-07-26 11:30:14  GET /api/user/4/parcours-ecolo 304 2.609 ms - - Body {} 
2022-07-26 11:30:20  GET /api/user/4/parcours-ecolo 304 4.399 ms - - Body {} 
2022-07-26 11:30:20  GET /api/user/4/commandes 304 3.963 ms - - Body {} 
2022-07-26 11:32:11  GET /api/user/4/paniers 304 1.890 ms - - Body {} 
2022-07-26 11:33:23  GET /api/user/4/paniers 304 3.119 ms - - Body {} 
2022-07-26 11:33:29  GET /api/fiche-pedagogiques 304 1.599 ms - - Body {} 
2022-07-26 11:33:31  GET /api/parcours-ecolos 200 2.395 ms - 1340 Body {} 
2022-07-26 11:33:42  GET /api/user/4/paniers 304 1.727 ms - - Body {} 
2022-07-26 11:33:45  GET /api/quizs 200 9.924 ms - 3743 Body {} 
2022-07-26 11:33:46  GET /api/fiche-pedagogiques 304 2.045 ms - - Body {} 
2022-07-26 11:33:46  GET /api/articles?limit=6 304 6.259 ms - - Body {} 
2022-07-26 11:33:49  GET /api/user/4/paniers 304 1.729 ms - - Body {} 
2022-07-26 11:33:56  GET /api/user/4/commandes 304 2.591 ms - - Body {} 
2022-07-26 11:33:56  GET /api/user/4/parcours-ecolo 304 2.200 ms - - Body {} 
2022-07-26 11:35:6  GET /api/user/4/paniers 304 2.190 ms - - Body {} 
2022-07-26 11:35:22  GET /api/user/4/paniers 304 2.322 ms - - Body {} 
2022-07-26 11:35:23  GET /api/user/4/parcours-ecolo 304 1.792 ms - - Body {} 
2022-07-26 11:35:23  GET /api/user/4/commandes 304 8.814 ms - - Body {} 
2022-07-26 11:35:24  GET /api/fiche-pedagogiques 304 1.855 ms - - Body {} 
2022-07-26 11:35:25  GET /api/parcours-ecolos 304 1.930 ms - - Body {} 
2022-07-26 11:35:47  GET /api/user/4/paniers 304 2.511 ms - - Body {} 
2022-07-26 11:35:54  GET /api/user/4/paniers 304 1.638 ms - - Body {} 
2022-07-26 11:36:2  GET /api/user/4/paniers 304 2.122 ms - - Body {} 
2022-07-26 11:38:13  GET /api/fiche-pedagogiques 200 3.537 ms - 6355 Body {} 
2022-07-26 11:38:13  GET /api/articles?limit=6 304 4.270 ms - - Body {} 
2022-07-26 11:42:53  GET /api/fiche-pedagogiques 200 2.008 ms - 6355 Body {} 
2022-07-26 11:47:46  GET /api/fiche-pedagogiques 200 3.243 ms - 6355 Body {} 
2022-07-26 11:47:48  GET /api/parcours-ecolos 200 4.523 ms - 1340 Body {} 
2022-07-26 11:47:48  GET /api/fiche-pedagogiques 200 2.186 ms - 6355 Body {} 
2022-07-26 11:47:48  GET /api/articles?limit=6 200 3.220 ms - 419 Body {} 
2022-07-26 11:48:43  GET /api/parcours-ecolos 304 1.976 ms - - Body {} 
2022-07-26 11:48:44  GET /api/articles 200 1.330 ms - 419 Body {} 
2022-07-26 11:56:15  GET /api/fiche-pedagogiques 200 4.673 ms - 6355 Body {} 
2022-07-26 11:56:15  GET /api/articles?limit=6 200 3.377 ms - 419 Body {} 
2022-07-26 11:56:15  GET /api/user/4/paniers 304 2.188 ms - - Body {} 
2022-07-26 11:56:29  GET /api/user/4/paniers 304 2.035 ms - - Body {} 
2022-07-26 11:56:46  GET /api/fiche-pedagogiques 200 2.225 ms - 6355 Body {} 
2022-07-26 11:56:46  GET /api/articles?limit=6 200 3.452 ms - 419 Body {} 
2022-07-26 11:56:46  GET /api/user/4/paniers 304 1.891 ms - - Body {} 
2022-07-26 11:56:48  GET /api/fiche-pedagogiques 304 1.475 ms - - Body {} 
2022-07-26 11:56:48  GET /api/parcours-ecolos 200 2.142 ms - 1340 Body {} 
2022-07-26 11:56:49  GET /api/fiche-pedagogiques 200 2.015 ms - 6355 Body {} 
2022-07-26 11:56:49  GET /api/articles?limit=6 200 2.577 ms - 419 Body {} 
2022-07-26 11:56:50  GET /api/fiche-pedagogiques 304 3.396 ms - - Body {} 
2022-07-26 11:57:30  GET /api/user/4/paniers 304 1.685 ms - - Body {} 
2022-07-26 11:58:14  GET /api/user/4/paniers 304 2.606 ms - - Body {} 
2022-07-26 11:58:18  GET /api/parcours-ecolos 200 3.004 ms - 1340 Body {} 
2022-07-26 11:58:18  GET /api/fiche-pedagogiques 200 2.557 ms - 6355 Body {} 
2022-07-26 11:58:18  GET /api/articles?limit=6 200 2.741 ms - 419 Body {} 
2022-07-26 11:58:54  GET /api/fiche-pedagogiques 304 3.283 ms - - Body {} 
2022-07-26 11:58:54  GET /api/articles?limit=6 304 4.774 ms - - Body {} 
2022-07-26 11:58:54  GET /api/user/4/paniers 304 3.422 ms - - Body {} 
2022-07-26 11:59:3  GET /api/fiche-pedagogiques 200 2.186 ms - 6355 Body {} 
2022-07-26 11:59:4  GET /api/fiche-pedagogiques 200 2.913 ms - 6355 Body {} 
2022-07-26 11:59:4  GET /api/articles?limit=6 200 2.054 ms - 419 Body {} 
2022-07-26 11:59:10  GET /api/user/4/parcours-ecolo 304 2.921 ms - - Body {} 
2022-07-26 11:59:11  GET /api/user/4/commandes 304 3.321 ms - - Body {} 
2022-07-26 11:59:30  GET /api/fiche-pedagogiques 304 1.749 ms - - Body {} 
2022-07-26 11:59:31  GET /api/fiche-pedagogiques 304 3.018 ms - - Body {} 
2022-07-26 11:59:31  GET /api/articles?limit=6 304 2.640 ms - - Body {} 
2022-07-26 11:59:32  GET /api/parcours-ecolos 304 2.655 ms - - Body {} 
2022-07-26 11:59:32  GET /api/articles 304 1.490 ms - - Body {} 
2022-07-26 11:59:33  GET /api/conferences 200 3.792 ms - 1313 Body {} 
2022-07-26 12:0:0  GET /api/user/4/paniers 304 1.863 ms - - Body {} 
2022-07-26 12:0:2  GET /api/user/4/paniers 304 2.373 ms - - Body {} 
2022-07-26 12:0:5  GET /api/conferences 200 5.394 ms - 1313 Body {} 
2022-07-26 12:0:5  GET /api/user/4/paniers 304 1.827 ms - - Body {} 
2022-07-26 12:0:7  GET /api/fiche-pedagogiques 200 2.360 ms - 6355 Body {} 
2022-07-26 12:0:8  GET /api/fiche-pedagogiques 304 2.244 ms - - Body {} 
2022-07-26 12:0:8  GET /api/articles?limit=6 200 3.171 ms - 419 Body {} 
2022-07-26 12:1:3  GET /api/user/4/paniers 304 2.025 ms - - Body {} 
2022-07-26 12:2:14  GET /api/fiche-pedagogiques 304 2.698 ms - - Body {} 
2022-07-26 12:2:14  GET /api/articles?limit=6 304 3.564 ms - - Body {} 
2022-07-26 12:2:14  GET /api/user/4/paniers 304 2.034 ms - - Body {} 
2022-07-26 12:14:27  GET /api/fiche-pedagogiques 200 2.744 ms - 6355 Body {} 
2022-07-26 12:14:27  GET /api/articles?limit=6 200 3.137 ms - 419 Body {} 
2022-07-26 12:14:27  GET /api/user/4/paniers 304 3.286 ms - - Body {} 
2022-07-26 12:15:34  GET /api/user/4/paniers 304 4.021 ms - - Body {} 
2022-07-26 12:15:42  GET /api/fiche-pedagogiques 200 3.107 ms - 6355 Body {} 
2022-07-26 12:15:43  GET /api/parcours-ecolos 200 1.678 ms - 1340 Body {} 
2022-07-26 12:15:44  GET /api/fiche-pedagogiques 304 2.192 ms - - Body {} 
2022-07-26 12:15:44  GET /api/articles?limit=6 200 3.407 ms - 419 Body {} 
2022-07-26 12:16:9  GET /api/user/4/paniers 304 2.074 ms - - Body {} 
2022-07-26 12:16:25  GET /api/user/4/paniers 304 1.612 ms - - Body {} 
2022-07-26 12:28:32  GET /api/fiche-pedagogiques 304 11.219 ms - - Body {} 
2022-07-26 12:28:42  GET /api/parcours-ecolos 304 5.988 ms - - Body {} 
2022-07-26 12:28:46  GET /api/quizs 304 10.635 ms - - Body {} 
2022-07-26 12:28:47  GET /api/articles 200 4.480 ms - 434 Body {} 
2022-07-26 12:28:58  GET /api/articles 304 3.171 ms - - Body {} 
2022-07-26 12:28:58  GET /api/user/4/paniers 304 7.015 ms - - Body {} 
2022-07-26 12:29:4  GET /api/parcours-ecolos 200 2.447 ms - 1340 Body {} 
2022-07-26 12:29:12  GET /api/fiche-pedagogiques 200 3.895 ms - 6355 Body {} 
2022-07-26 12:29:13  GET /api/articles 200 3.048 ms - 434 Body {} 
2022-07-26 12:29:14  GET /api/conferences 200 4.619 ms - 1313 Body {} 
2022-07-26 12:29:15  GET /api/fiche-pedagogiques 304 4.563 ms - - Body {} 
2022-07-26 12:29:15  GET /api/articles?limit=6 200 4.948 ms - 434 Body {} 
2022-07-26 12:29:17  GET /api/fiche-pedagogiques 304 3.148 ms - - Body {} 
2022-07-26 12:29:17  GET /api/articles?limit=6 304 4.268 ms - - Body {} 
2022-07-26 12:29:17  GET /api/user/4/paniers 304 2.900 ms - - Body {} 
2022-07-27 9:20:51  GET /api/fiche-pedagogiques 304 35.688 ms - - Body {} 
2022-07-27 9:20:51  GET /api/articles?limit=6 304 42.551 ms - - Body {} 
2022-07-27 9:20:51  GET /api/user/4/paniers 304 40.705 ms - - Body {} 
2022-07-27 10:13:49  GET /api/fiche-pedagogiques 304 18.415 ms - - Body {} 
2022-07-27 10:13:49  GET /api/articles?limit=6 304 13.471 ms - - Body {} 
2022-07-27 10:14:5  GET /api/articles?limit=6 304 3.387 ms - - Body {} 
2022-07-27 10:14:5  GET /api/fiche-pedagogiques 304 9.036 ms - - Body {} 
2022-07-27 10:14:20  GET /api/articles?limit=6 304 2.790 ms - - Body {} 
2022-07-27 10:14:20  GET /api/fiche-pedagogiques 304 8.241 ms - - Body {} 
2022-07-27 10:17:53  GET /api/user/4/paniers 304 5.437 ms - - Body {} 
2022-07-27 10:18:0  GET /api/articles 304 2.849 ms - - Body {} 
2022-07-27 10:20:23  GET /api/fiche-pedagogiques 304 18.432 ms - - Body {} 
2022-07-27 10:20:23  GET /api/user/4/paniers 304 7.764 ms - - Body {} 
2022-07-27 10:20:23  GET /api/articles?limit=6 304 19.857 ms - - Body {} 
2022-07-27 10:21:5  GET /api/articles?limit=6 304 11.085 ms - - Body {} 
2022-07-27 10:21:9  POST /api/user/login 200 67.336 ms - 784 Body {"email":"charlotte@gmail.com","password":"U2FsdGVkX1+gpZFRCbKjcmrEM+3Mkgptr9ZYoas8ivw="} 
2022-07-27 10:21:10  GET /api/fiche-pedagogiques 304 5.978 ms - - Body {} 
2022-07-27 10:21:10  GET /api/articles?limit=6 304 4.030 ms - - Body {} 
2022-07-27 10:21:10  GET /api/user/4/paniers 304 5.233 ms - - Body {} 
2022-07-27 10:39:53  GET /api/articles?limit=6 304 17.747 ms - - Body {} 
2022-07-27 10:39:53  GET /api/fiche-pedagogiques 304 16.099 ms - - Body {} 
2022-07-27 10:39:53  GET /api/user/4/paniers 304 9.124 ms - - Body {} 
2022-07-27 10:40:1  GET /api/fiche-pedagogiques 304 3.498 ms - - Body {} 
2022-07-27 10:40:1  GET /api/articles?limit=6 304 4.305 ms - - Body {} 
2022-07-27 10:40:1  GET /api/user/4/paniers 304 8.264 ms - - Body {} 
2022-07-27 10:42:23  GET /api/user/4/paniers 304 4.189 ms - - Body {} 
2022-07-27 10:42:24  GET /api/parcours-ecolos 304 7.845 ms - - Body {} 
2022-07-27 10:42:26  GET /api/fiche-pedagogiques 304 6.180 ms - - Body {} 
2022-07-27 10:42:26  GET /api/articles?limit=6 304 4.105 ms - - Body {} 
2022-07-27 10:42:27  GET /api/articles 304 1.927 ms - - Body {} 
2022-07-27 10:42:39  GET /api/user/4/paniers 304 2.586 ms - - Body {} 
2022-07-27 10:42:40  GET /api/fiche-pedagogiques 304 3.624 ms - - Body {} 
2022-07-27 10:42:40  GET /api/articles?limit=6 304 3.345 ms - - Body {} 
2022-07-27 10:42:41  GET /api/fiche-pedagogiques 304 1.970 ms - - Body {} 
2022-07-27 10:42:41  GET /api/parcours-ecolos 304 2.575 ms - - Body {} 
2022-07-27 10:42:42  GET /api/quizs 304 8.461 ms - - Body {} 
2022-07-27 10:42:43  GET /api/articles 304 2.304 ms - - Body {} 
2022-07-27 10:42:43  GET /api/conferences 304 5.484 ms - - Body {} 
2022-07-27 10:42:44  GET /api/fiche-pedagogiques 304 3.269 ms - - Body {} 
2022-07-27 10:42:44  GET /api/articles?limit=6 304 4.123 ms - - Body {} 
2022-07-27 10:46:3  GET /api/fiche-pedagogiques 304 2.403 ms - - Body {} 
2022-07-27 10:46:3  GET /api/articles?limit=6 304 3.286 ms - - Body {} 
2022-07-27 10:46:21  GET /api/user/4/paniers 304 3.301 ms - - Body {} 
2022-07-27 10:46:28  GET /api/user/4/paniers 304 2.337 ms - - Body {} 
2022-07-27 10:46:36  GET /api/user/4/paniers 304 3.225 ms - - Body {} 
2022-07-27 10:46:57  GET /api/user/4/paniers 304 2.482 ms - - Body {} 
2022-07-27 10:47:14  GET /api/fiche-pedagogiques 304 1.995 ms - - Body {} 
2022-07-27 10:47:15  GET /api/fiche-pedagogiques 304 1.968 ms - - Body {} 
2022-07-27 10:47:15  GET /api/articles?limit=6 304 2.654 ms - - Body {} 
2022-07-27 10:47:28  GET /api/user/4/paniers 304 3.067 ms - - Body {} 
2022-07-27 10:54:12  GET /api/fiche-pedagogiques 304 3.226 ms - - Body {} 
2022-07-27 10:59:17  GET /api/articles?limit=6 304 2.728 ms - - Body {} 
2022-07-27 11:0:56  GET /api/fiche-pedagogiques 304 1.759 ms - - Body {} 
2022-07-27 11:1:0  GET /api/parcours-ecolos 304 3.793 ms - - Body {} 
2022-07-27 11:1:2  GET /api/quizs 304 11.728 ms - - Body {} 
2022-07-27 11:1:3  GET /api/articles 304 1.420 ms - - Body {} 
2022-07-27 11:1:4  GET /api/conferences 304 5.021 ms - - Body {} 
2022-07-27 11:1:7  GET /api/fiche-pedagogiques 304 2.426 ms - - Body {} 
2022-07-27 11:1:7  GET /api/articles?limit=6 304 2.811 ms - - Body {} 
2022-07-27 11:1:10  GET /api/conferences 304 2.361 ms - - Body {} 
2022-07-27 11:1:35  GET /api/fiche-pedagogiques 304 4.082 ms - - Body {} 
2022-07-27 11:1:35  GET /api/articles?limit=6 304 3.542 ms - - Body {} 
2022-07-27 11:2:14  GET /api/fiche-pedagogiques 304 1.791 ms - - Body {} 
2022-07-27 11:2:14  GET /api/articles?limit=6 304 2.314 ms - - Body {} 
2022-07-27 11:2:14  GET /api/user/4/paniers 304 4.709 ms - - Body {} 
2022-07-27 11:2:31  GET /api/fiche-pedagogiques 304 1.952 ms - - Body {} 
2022-07-27 11:2:31  GET /api/articles?limit=6 304 3.447 ms - - Body {} 
2022-07-27 11:2:31  GET /api/user/4/paniers 304 2.593 ms - - Body {} 
2022-07-27 11:4:41  GET /api/fiche-pedagogiques 304 1.639 ms - - Body {} 
2022-07-27 11:4:41  GET /api/articles?limit=6 304 2.427 ms - - Body {} 
2022-07-27 11:4:41  GET /api/user/4/paniers 304 2.623 ms - - Body {} 
2022-07-27 11:4:41  GET /api/user/4/paniers 304 2.602 ms - - Body {} 
2022-07-27 11:4:41  GET /api/fiche-pedagogiques 304 4.049 ms - - Body {} 
2022-07-27 11:4:41  GET /api/articles?limit=6 304 4.625 ms - - Body {} 
2022-07-27 11:4:50  GET /api/fiche-pedagogiques 304 2.947 ms - - Body {} 
2022-07-27 11:4:50  GET /api/articles?limit=6 304 4.058 ms - - Body {} 
2022-07-27 11:4:50  GET /api/user/4/paniers 304 1.889 ms - - Body {} 
2022-07-27 11:5:53  GET /api/fiche-pedagogiques 304 2.168 ms - - Body {} 
2022-07-27 11:5:53  GET /api/articles?limit=6 304 3.972 ms - - Body {} 
2022-07-27 11:5:53  GET /api/user/4/paniers 304 1.862 ms - - Body {} 
2022-07-27 11:6:10  GET /api/fiche-pedagogiques 304 1.734 ms - - Body {} 
2022-07-27 11:6:10  GET /api/articles?limit=6 304 2.976 ms - - Body {} 
2022-07-27 11:6:10  GET /api/user/4/paniers 304 2.315 ms - - Body {} 
2022-07-27 11:6:32  GET /api/fiche-pedagogiques 304 1.791 ms - - Body {} 
2022-07-27 11:6:32  GET /api/articles?limit=6 304 3.776 ms - - Body {} 
2022-07-27 11:6:32  GET /api/user/4/paniers 304 2.445 ms - - Body {} 
2022-07-27 11:6:42  GET /api/fiche-pedagogiques 304 2.645 ms - - Body {} 
2022-07-27 11:6:42  GET /api/articles?limit=6 304 3.742 ms - - Body {} 
2022-07-27 11:6:42  GET /api/user/4/paniers 304 1.769 ms - - Body {} 
2022-07-27 11:7:27  GET /api/fiche-pedagogiques 304 2.169 ms - - Body {} 
2022-07-27 11:7:27  GET /api/articles?limit=6 304 2.815 ms - - Body {} 
2022-07-27 11:7:27  GET /api/user/4/paniers 304 2.195 ms - - Body {} 
2022-07-27 11:9:41  GET /api/fiche-pedagogiques 304 3.789 ms - - Body {} 
2022-07-27 11:9:41  GET /api/articles?limit=6 304 6.701 ms - - Body {} 
2022-07-27 11:9:41  GET /api/user/4/paniers 304 2.148 ms - - Body {} 
2022-07-27 11:10:21  POST /api/panier 200 10.913 ms - 62 Body {"user":4,"article":1,"quantite":2,"id":6} 
2022-07-27 11:10:33  GET /api/user/4/paniers 200 5.117 ms - 468 Body {} 
2022-07-27 11:10:38  GET /api/fiche-pedagogiques 304 2.517 ms - - Body {} 
2022-07-27 11:10:38  GET /api/articles?limit=6 304 3.783 ms - - Body {} 
2022-07-27 11:10:50  GET /api/user/4/paniers 304 2.964 ms - - Body {} 
2022-07-27 11:11:43  GET /api/user/4/paniers 304 2.290 ms - - Body {} 
2022-07-27 11:12:28  GET /api/fiche-pedagogiques 304 3.217 ms - - Body {} 
2022-07-27 11:12:28  GET /api/articles?limit=6 304 2.056 ms - - Body {} 
2022-07-27 11:13:58  GET /api/fiche-pedagogiques 304 2.017 ms - - Body {} 
2022-07-27 11:13:58  GET /api/articles?limit=6 304 2.039 ms - - Body {} 
2022-07-27 11:13:58  GET /api/user/4/paniers 304 3.620 ms - - Body {} 
2022-07-27 11:14:43  GET /api/user/4/paniers 304 2.026 ms - - Body {} 
2022-07-27 11:15:17  GET /api/user/4/paniers 304 2.583 ms - - Body {} 
2022-07-27 11:15:32  GET /api/user/4/paniers 304 2.410 ms - - Body {} 
2022-07-27 11:15:38  GET /api/user/4/paniers 304 2.627 ms - - Body {} 
2022-07-27 11:16:1  GET /api/fiche-pedagogiques 304 2.301 ms - - Body {} 
2022-07-27 11:16:1  GET /api/articles?limit=6 304 2.523 ms - - Body {} 
2022-07-27 11:16:1  GET /api/user/4/paniers 304 2.856 ms - - Body {} 
2022-07-27 11:16:43  GET /api/user/4/paniers 304 2.185 ms - - Body {} 
2022-07-27 11:17:3  GET /api/user/4/paniers 304 2.588 ms - - Body {} 
2022-07-27 11:17:16  GET /api/user/4/paniers 304 1.933 ms - - Body {} 
2022-07-27 11:17:29  GET /api/user/4/paniers 304 2.003 ms - - Body {} 
2022-07-27 11:18:11  GET /api/fiche-pedagogiques 304 2.505 ms - - Body {} 
2022-07-27 11:18:11  GET /api/articles?limit=6 304 1.933 ms - - Body {} 
2022-07-27 11:18:11  GET /api/user/4/paniers 304 2.588 ms - - Body {} 
2022-07-27 11:18:17  GET /api/fiche-pedagogiques 304 2.460 ms - - Body {} 
2022-07-27 11:18:17  GET /api/articles?limit=6 304 1.649 ms - - Body {} 
2022-07-27 11:18:17  GET /api/user/4/paniers 304 2.308 ms - - Body {} 
2022-07-27 11:18:25  GET /api/fiche-pedagogiques 304 1.760 ms - - Body {} 
2022-07-27 11:18:25  GET /api/articles?limit=6 304 2.365 ms - - Body {} 
2022-07-27 11:18:25  GET /api/user/4/paniers 304 3.407 ms - - Body {} 
2022-07-27 11:18:51  GET /api/fiche-pedagogiques 304 1.784 ms - - Body {} 
2022-07-27 11:18:51  GET /api/articles?limit=6 304 2.167 ms - - Body {} 
2022-07-27 11:18:52  GET /api/user/4/paniers 304 4.399 ms - - Body {} 
2022-07-27 11:19:0  GET /api/fiche-pedagogiques 304 2.077 ms - - Body {} 
2022-07-27 11:19:0  GET /api/articles?limit=6 304 2.995 ms - - Body {} 
2022-07-27 11:19:0  GET /api/user/4/paniers 304 1.978 ms - - Body {} 
2022-07-27 11:25:32  GET /api/fiche-pedagogiques 304 2.200 ms - - Body {} 
2022-07-27 11:25:32  GET /api/articles?limit=6 304 2.640 ms - - Body {} 
2022-07-27 11:25:32  GET /api/user/4/paniers 304 2.845 ms - - Body {} 
2022-07-27 11:25:45  GET /api/fiche-pedagogiques 304 2.060 ms - - Body {} 
2022-07-27 11:25:45  GET /api/articles?limit=6 304 2.532 ms - - Body {} 
2022-07-27 11:25:45  GET /api/user/4/paniers 304 2.844 ms - - Body {} 
2022-07-27 11:31:8  GET /api/fiche-pedagogiques 304 2.356 ms - - Body {} 
2022-07-27 11:31:8  GET /api/articles?limit=6 304 4.089 ms - - Body {} 
2022-07-27 11:31:8  GET /api/user/4/paniers 304 3.042 ms - - Body {} 
2022-07-27 11:31:18  GET /api/fiche-pedagogiques 304 3.951 ms - - Body {} 
2022-07-27 11:31:18  GET /api/articles?limit=6 304 4.300 ms - - Body {} 
2022-07-27 11:31:18  GET /api/user/4/paniers 304 3.167 ms - - Body {} 
2022-07-27 11:31:55  GET /api/fiche-pedagogiques 304 2.470 ms - - Body {} 
2022-07-27 11:31:55  GET /api/articles?limit=6 304 3.288 ms - - Body {} 
2022-07-27 11:31:56  GET /api/user/4/paniers 304 3.003 ms - - Body {} 
2022-07-27 11:31:59  GET /api/fiche-pedagogiques 304 2.354 ms - - Body {} 
2022-07-27 11:32:0  GET /api/parcours-ecolos 304 2.236 ms - - Body {} 
2022-07-27 11:32:2  GET /api/fiche-pedagogiques 304 1.820 ms - - Body {} 
2022-07-27 11:32:2  GET /api/articles?limit=6 304 5.554 ms - - Body {} 
2022-07-27 11:33:57  GET /api/fiche-pedagogiques 304 2.408 ms - - Body {} 
2022-07-27 11:33:57  GET /api/articles?limit=6 304 5.527 ms - - Body {} 
2022-07-27 11:33:57  GET /api/user/4/paniers 304 7.961 ms - - Body {} 
2022-07-27 11:35:24  GET /api/fiche-pedagogiques 304 2.833 ms - - Body {} 
2022-07-27 11:35:24  GET /api/articles?limit=6 304 2.688 ms - - Body {} 
2022-07-27 11:35:24  GET /api/user/4/paniers 304 2.251 ms - - Body {} 
2022-07-27 11:36:12  GET /api/user/4/paniers 304 2.799 ms - - Body {} 
2022-07-27 11:36:35  GET /api/user/4/paniers 304 2.340 ms - - Body {} 
2022-07-27 11:36:46  GET /api/user/4/paniers 304 2.850 ms - - Body {} 
2022-07-27 11:37:6  GET /api/user/4/paniers 304 2.346 ms - - Body {} 
2022-07-27 11:45:43  GET /api/fiche-pedagogiques 304 2.068 ms - - Body {} 
2022-07-27 11:45:43  GET /api/articles?limit=6 304 2.581 ms - - Body {} 
2022-07-27 11:45:43  GET /api/user/4/paniers 304 2.467 ms - - Body {} 
2022-07-27 11:46:4  GET /api/fiche-pedagogiques 304 1.768 ms - - Body {} 
2022-07-27 11:46:4  GET /api/articles?limit=6 304 1.913 ms - - Body {} 
2022-07-27 11:46:4  GET /api/user/4/paniers 304 2.315 ms - - Body {} 
2022-07-27 11:47:32  GET /api/articles?limit=6 304 2.060 ms - - Body {} 
2022-07-27 11:49:52  GET /api/fiche-pedagogiques 304 1.789 ms - - Body {} 
2022-07-27 11:49:52  GET /api/articles?limit=6 304 2.054 ms - - Body {} 
2022-07-27 11:49:52  GET /api/user/4/paniers 304 2.443 ms - - Body {} 
2022-07-27 11:50:3  GET /api/fiche-pedagogiques 304 2.029 ms - - Body {} 
2022-07-27 11:50:3  GET /api/articles?limit=6 304 2.519 ms - - Body {} 
2022-07-27 11:50:3  GET /api/user/4/paniers 304 4.132 ms - - Body {} 
2022-07-27 11:51:13  GET /api/fiche-pedagogiques 304 2.283 ms - - Body {} 
2022-07-27 11:51:13  GET /api/articles?limit=6 304 2.909 ms - - Body {} 
2022-07-27 11:51:13  GET /api/user/4/paniers 304 3.152 ms - - Body {} 
2022-07-27 11:52:20  GET /api/fiche-pedagogiques 304 1.932 ms - - Body {} 
2022-07-27 11:52:20  GET /api/articles?limit=6 304 2.706 ms - - Body {} 
2022-07-27 11:52:20  GET /api/user/4/paniers 304 5.394 ms - - Body {} 
2022-07-27 11:52:41  GET /api/fiche-pedagogiques 304 1.723 ms - - Body {} 
2022-07-27 11:52:41  GET /api/articles?limit=6 304 2.273 ms - - Body {} 
2022-07-27 11:52:41  GET /api/user/4/paniers 304 3.927 ms - - Body {} 
2022-07-27 11:53:14  GET /api/fiche-pedagogiques 304 1.837 ms - - Body {} 
2022-07-27 11:53:14  GET /api/articles?limit=6 304 1.927 ms - - Body {} 
2022-07-27 11:53:14  GET /api/user/4/paniers 304 4.040 ms - - Body {} 
2022-07-27 11:53:36  GET /api/fiche-pedagogiques 304 2.249 ms - - Body {} 
2022-07-27 11:53:36  GET /api/articles?limit=6 304 2.680 ms - - Body {} 
2022-07-27 11:53:36  GET /api/user/4/paniers 304 2.749 ms - - Body {} 
2022-07-27 11:53:42  GET /api/fiche-pedagogiques 304 1.899 ms - - Body {} 
2022-07-27 11:53:42  GET /api/user/4/paniers 304 2.064 ms - - Body {} 
2022-07-27 12:1:54  GET /api/fiche-pedagogiques 304 3.165 ms - - Body {} 
2022-07-27 12:1:54  GET /api/articles?limit=6 304 3.790 ms - - Body {} 
2022-07-27 12:1:54  GET /api/user/4/paniers 304 2.833 ms - - Body {} 
2022-07-27 12:2:7  GET /api/fiche-pedagogiques 304 3.035 ms - - Body {} 
2022-07-27 12:2:7  GET /api/articles?limit=6 304 4.143 ms - - Body {} 
2022-07-27 12:2:7  GET /api/user/4/paniers 304 2.681 ms - - Body {} 
2022-07-27 12:8:29  GET /api/fiche-pedagogiques 304 3.258 ms - - Body {} 
2022-07-27 12:8:29  GET /api/user/4/paniers 304 2.213 ms - - Body {} 
2022-07-27 12:8:30  GET /api/user/4/paniers 304 3.584 ms - - Body {} 
2022-07-27 12:8:30  GET /api/fiche-pedagogiques 304 3.119 ms - - Body {} 
2022-07-27 12:8:30  GET /api/articles?limit=6 304 2.330 ms - - Body {} 
2022-07-27 12:8:35  GET /api/fiche-pedagogiques 304 1.921 ms - - Body {} 
2022-07-27 12:8:35  GET /api/articles?limit=6 304 2.656 ms - - Body {} 
2022-07-27 12:8:35  GET /api/user/4/paniers 304 2.308 ms - - Body {} 
2022-07-27 12:9:2  GET /api/fiche-pedagogiques 304 2.646 ms - - Body {} 
2022-07-27 12:9:2  GET /api/articles?limit=6 304 6.092 ms - - Body {} 
2022-07-27 12:9:2  GET /api/user/4/paniers 304 2.208 ms - - Body {} 
2022-07-27 12:9:11  GET /api/fiche-pedagogiques 304 2.671 ms - - Body {} 
2022-07-27 12:9:11  GET /api/articles?limit=6 304 3.440 ms - - Body {} 
2022-07-27 12:9:11  GET /api/user/4/paniers 304 2.144 ms - - Body {} 
2022-07-27 12:19:22  GET /api/fiche-pedagogiques 200 3.152 ms - 6355 Body {} 
2022-07-27 12:19:22  GET /api/articles?limit=6 304 4.026 ms - - Body {} 
2022-07-27 12:19:25  GET /api/fiche-pedagogiques 304 2.215 ms - - Body {} 
2022-07-27 12:19:25  GET /api/articles?limit=6 304 3.694 ms - - Body {} 
2022-07-27 12:19:32  GET /api/fiche-pedagogiques 304 3.019 ms - - Body {} 
2022-07-27 12:19:32  GET /api/articles?limit=6 304 2.374 ms - - Body {} 
2022-07-27 12:22:34  GET /api/fiche-pedagogiques 304 1.858 ms - - Body {} 
2022-07-27 12:22:34  GET /api/articles?limit=6 304 3.293 ms - - Body {} 
2022-07-27 12:22:38  GET /api/fiche-pedagogique/1 200 5.589 ms - 3087 Body {} 
2022-07-27 12:22:40  GET /api/fiche-pedagogiques 304 2.111 ms - - Body {} 
2022-07-27 12:22:40  GET /api/articles?limit=6 304 2.188 ms - - Body {} 
2022-07-27 12:22:46  GET /api/fiche-pedagogiques 304 3.081 ms - - Body {} 
2022-07-27 12:22:49  GET /api/parcours-ecolos 304 3.771 ms - - Body {} 
2022-07-27 12:22:51  GET /api/fiche-pedagogiques 304 2.672 ms - - Body {} 
2022-07-27 12:22:51  GET /api/articles?limit=6 304 1.762 ms - - Body {} 
2022-07-27 12:23:39  GET /api/fiche-pedagogiques 304 2.998 ms - - Body {} 
2022-07-27 12:23:39  GET /api/articles?limit=6 304 2.751 ms - - Body {} 
2022-07-27 12:23:39  GET /api/user/4/paniers 304 3.157 ms - - Body {} 
2022-07-27 12:23:58  GET /api/fiche-pedagogiques 304 2.160 ms - - Body {} 
2022-07-27 12:23:58  GET /api/articles?limit=6 304 3.340 ms - - Body {} 
2022-07-27 12:23:58  GET /api/user/4/paniers 304 2.432 ms - - Body {} 
2022-07-27 12:24:36  GET /api/fiche-pedagogiques 304 1.544 ms - - Body {} 
2022-07-27 12:24:36  GET /api/articles?limit=6 304 3.879 ms - - Body {} 
2022-07-27 12:24:36  GET /api/user/4/paniers 304 2.378 ms - - Body {} 
2022-07-27 12:25:51  GET /api/fiche-pedagogiques 304 2.665 ms - - Body {} 
2022-07-27 12:25:51  GET /api/articles?limit=6 304 3.492 ms - - Body {} 
2022-07-27 12:25:51  GET /api/user/4/paniers 304 1.906 ms - - Body {} 
2022-07-27 12:26:27  GET /api/fiche-pedagogiques 304 3.008 ms - - Body {} 
2022-07-27 12:26:27  GET /api/articles?limit=6 304 3.636 ms - - Body {} 
2022-07-27 12:26:27  GET /api/user/4/paniers 304 1.908 ms - - Body {} 
2022-07-27 12:26:29  GET /api/user/4/paniers 304 2.880 ms - - Body {} 
2022-07-27 12:26:29  GET /api/fiche-pedagogiques 304 1.657 ms - - Body {} 
2022-07-27 12:26:29  GET /api/articles?limit=6 304 2.135 ms - - Body {} 
2022-07-27 12:26:38  GET /api/fiche-pedagogiques 304 2.432 ms - - Body {} 
2022-07-27 12:26:38  GET /api/articles?limit=6 304 1.773 ms - - Body {} 
2022-07-27 12:26:39  GET /api/user/4/paniers 304 2.076 ms - - Body {} 
2022-07-27 12:31:48  GET /api/fiche-pedagogiques 304 3.668 ms - - Body {} 
2022-07-27 12:31:48  GET /api/articles?limit=6 304 4.379 ms - - Body {} 
2022-07-27 12:31:48  GET /api/user/4/paniers 304 2.298 ms - - Body {} 
2022-07-27 12:32:7  GET /api/fiche-pedagogiques 304 2.439 ms - - Body {} 
2022-07-27 12:32:7  GET /api/articles?limit=6 304 1.937 ms - - Body {} 
2022-07-27 12:32:7  GET /api/user/4/paniers 304 2.690 ms - - Body {} 
2022-07-27 12:32:23  GET /api/fiche-pedagogiques 304 3.320 ms - - Body {} 
2022-07-27 12:32:23  GET /api/articles?limit=6 304 3.846 ms - - Body {} 
2022-07-27 12:32:23  GET /api/user/4/paniers 304 2.023 ms - - Body {} 
2022-07-27 12:33:34  GET /api/fiche-pedagogique/1 304 3.005 ms - - Body {} 
2022-07-27 12:33:41  GET /api/parcours-ecolos 304 1.935 ms - - Body {} 
2022-07-27 12:33:44  GET /api/quizs 304 6.127 ms - - Body {} 
2022-07-27 12:33:57  GET /api/articles 200 1.538 ms - 434 Body {} 
2022-07-27 12:33:58  GET /api/quizs 304 4.646 ms - - Body {} 
2022-07-27 12:34:0  GET /api/articles 304 3.027 ms - - Body {} 
2022-07-27 12:34:7  GET /api/conferences 200 7.125 ms - 1313 Body {} 
2022-07-27 12:34:15  GET /api/fiche-pedagogiques 304 1.989 ms - - Body {} 
2022-07-27 12:34:19  GET /api/fiche-pedagogiques 304 1.700 ms - - Body {} 
2022-07-27 12:34:19  GET /api/articles?limit=6 304 4.316 ms - - Body {} 
2022-07-27 12:36:18  GET /api/fiche-pedagogiques 304 2.530 ms - - Body {} 
2022-07-27 12:36:18  GET /api/articles?limit=6 304 3.079 ms - - Body {} 
2022-07-27 12:36:18  GET /api/user/4/paniers 304 3.030 ms - - Body {} 
2022-07-27 12:36:50  GET /api/fiche-pedagogiques 304 1.865 ms - - Body {} 
2022-07-27 12:36:50  GET /api/articles?limit=6 304 2.661 ms - - Body {} 
2022-07-27 12:36:50  GET /api/user/4/paniers 304 3.444 ms - - Body {} 
2022-07-27 12:37:50  GET /api/fiche-pedagogiques 304 1.715 ms - - Body {} 
2022-07-27 12:37:50  GET /api/articles?limit=6 304 1.892 ms - - Body {} 
2022-07-27 12:37:50  GET /api/user/4/paniers 304 3.891 ms - - Body {} 
2022-07-27 12:38:15  GET /api/fiche-pedagogiques 304 1.469 ms - - Body {} 
2022-07-27 12:38:15  GET /api/articles?limit=6 304 1.545 ms - - Body {} 
2022-07-27 12:38:15  GET /api/user/4/paniers 304 3.426 ms - - Body {} 
2022-07-27 12:38:56  GET /api/fiche-pedagogiques 304 2.516 ms - - Body {} 
2022-07-27 12:38:56  GET /api/articles?limit=6 304 2.318 ms - - Body {} 
2022-07-27 12:38:56  GET /api/user/4/paniers 304 3.280 ms - - Body {} 
2022-07-27 12:39:4  GET /api/fiche-pedagogiques 304 1.519 ms - - Body {} 
2022-07-27 12:39:4  GET /api/articles?limit=6 304 1.689 ms - - Body {} 
2022-07-27 12:39:4  GET /api/user/4/paniers 304 3.802 ms - - Body {} 
2022-07-27 12:39:34  GET /api/fiche-pedagogiques 304 2.159 ms - - Body {} 
2022-07-27 12:39:34  GET /api/articles?limit=6 304 3.574 ms - - Body {} 
2022-07-27 12:39:34  GET /api/user/4/paniers 304 3.706 ms - - Body {} 
2022-07-27 12:39:43  GET /api/fiche-pedagogiques 304 1.766 ms - - Body {} 
2022-07-27 12:39:43  GET /api/articles?limit=6 304 1.591 ms - - Body {} 
2022-07-27 12:39:43  GET /api/user/4/paniers 304 3.415 ms - - Body {} 
2022-07-27 12:39:52  GET /api/fiche-pedagogiques 304 1.790 ms - - Body {} 
2022-07-27 12:39:52  GET /api/articles?limit=6 304 2.143 ms - - Body {} 
2022-07-27 12:39:52  GET /api/user/4/paniers 304 3.043 ms - - Body {} 
2022-07-27 12:40:13  GET /api/fiche-pedagogiques 304 1.532 ms - - Body {} 
2022-07-27 12:40:17  GET /api/parcours-ecolos 304 1.843 ms - - Body {} 
2022-07-27 12:41:19  GET /api/parcours-ecolos 304 5.015 ms - - Body {} 
2022-07-27 12:41:25  GET /api/parcours-ecolos 304 2.539 ms - - Body {} 
2022-07-27 12:42:20  GET /api/parcours-ecolos 304 3.904 ms - - Body {} 
2022-07-27 12:42:25  GET /api/parcours-ecolos 304 2.435 ms - - Body {} 
2022-07-27 12:42:35  GET /api/parcours-ecolos 304 1.671 ms - - Body {} 
2022-07-27 12:43:4  GET /api/parcours-ecolos 304 1.833 ms - - Body {} 
2022-07-27 12:43:25  GET /api/parcours-ecolos 304 2.375 ms - - Body {} 
2022-07-27 12:43:54  GET /api/parcours-ecolos 304 1.677 ms - - Body {} 
2022-07-27 12:43:57  GET /api/parcours-ecolos 304 2.712 ms - - Body {} 
2022-07-27 12:43:57  GET /api/user/4/paniers 304 3.658 ms - - Body {} 
2022-07-27 12:45:23  GET /api/parcours-ecolos 304 2.791 ms - - Body {} 
2022-07-27 12:46:16  GET /api/parcours-ecolos 304 2.517 ms - - Body {} 
2022-07-27 12:46:16  GET /api/user/4/paniers 304 2.152 ms - - Body {} 
2022-07-27 12:46:22  GET /api/parcours-ecolos 304 2.514 ms - - Body {} 
2022-07-27 12:46:22  GET /api/user/4/paniers 304 1.990 ms - - Body {} 
2022-07-27 12:46:33  GET /api/parcours-ecolos 304 2.162 ms - - Body {} 
2022-07-27 12:46:33  GET /api/user/4/paniers 304 2.806 ms - - Body {} 
2022-07-27 12:46:56  GET /api/fiche-pedagogiques 304 2.151 ms - - Body {} 
2022-07-27 12:46:56  GET /api/articles?limit=6 304 2.780 ms - - Body {} 
2022-07-27 12:47:56  GET /api/parcours-ecolos 304 1.708 ms - - Body {} 
2022-07-27 12:48:38  GET /api/parcours-ecolos 304 2.646 ms - - Body {} 
2022-07-27 12:48:57  GET /api/parcours-ecolos 304 2.972 ms - - Body {} 
2022-07-27 12:49:11  GET /api/parcours-ecolos 304 1.660 ms - - Body {} 
2022-07-27 12:50:3  GET /api/parcours-ecolos 304 7.037 ms - - Body {} 
2022-07-27 12:50:8  GET /api/parcours-ecolos 304 1.761 ms - - Body {} 
2022-07-27 12:50:9  GET /api/parcours-ecolos 304 1.700 ms - - Body {} 
2022-07-27 12:50:9  GET /api/user/4/paniers 304 1.992 ms - - Body {} 
2022-07-27 12:50:25  GET /api/fiche-pedagogiques 304 1.584 ms - - Body {} 
2022-07-27 12:50:25  GET /api/articles?limit=6 304 2.781 ms - - Body {} 
2022-07-27 12:50:35  GET /api/parcours-ecolos 304 1.815 ms - - Body {} 
2022-07-27 12:50:37  GET /api/parcours-ecolos 304 3.402 ms - - Body {} 
2022-07-27 12:50:54  GET /api/fiche-pedagogiques 304 1.443 ms - - Body {} 
2022-07-27 12:50:59  GET /api/parcours-ecolos 304 1.771 ms - - Body {} 
2022-07-27 12:51:4  GET /api/fiche-pedagogiques 304 1.571 ms - - Body {} 
2022-07-27 12:51:8  GET /api/quizs 304 4.092 ms - - Body {} 
2022-07-27 12:51:11  GET /api/articles 304 1.964 ms - - Body {} 
2022-07-27 12:51:23  GET /api/conferences 200 2.636 ms - 1313 Body {} 
2022-07-27 12:51:27  GET /api/parcours-ecolos 304 1.988 ms - - Body {} 
2022-07-27 12:51:47  GET /api/fiche-pedagogiques 304 2.347 ms - - Body {} 
2022-07-27 12:51:47  GET /api/articles?limit=6 304 2.151 ms - - Body {} 
2022-07-27 12:52:31  GET /api/articles?limit=6 304 2.183 ms - - Body {} 
2022-07-27 12:52:36  GET /api/articles?limit=6 304 2.486 ms - - Body {} 
2022-07-27 12:53:5  GET /api/parcours-ecolos 304 1.900 ms - - Body {} 
2022-07-27 12:53:14  GET /api/parcours-ecolos 304 3.069 ms - - Body {} 
2022-07-27 12:54:1  GET /api/articles 304 1.236 ms - - Body {} 
2022-07-27 12:54:5  GET /api/conferences 304 1.702 ms - - Body {} 
2022-07-27 12:54:25  GET /api/conferences 304 1.495 ms - - Body {} 
2022-07-27 12:55:0  GET /api/conferences 304 1.640 ms - - Body {} 
2022-07-27 12:55:4  GET /api/conferences 304 2.436 ms - - Body {} 
2022-07-27 12:55:4  GET /api/user/4/paniers 304 2.305 ms - - Body {} 
2022-07-27 12:55:52  GET /api/conferences 304 2.321 ms - - Body {} 
2022-07-27 12:55:54  GET /api/parcours-ecolos 304 2.032 ms - - Body {} 
2022-07-27 12:55:57  GET /api/conferences 304 2.512 ms - - Body {} 
2022-07-27 12:56:19  GET /api/conferences 304 2.631 ms - - Body {} 
2022-07-27 12:56:44  GET /api/conferences 304 1.745 ms - - Body {} 
2022-07-27 12:58:40  GET /api/fiche-pedagogiques 200 1.688 ms - 6355 Body {} 
2022-07-27 12:58:40  GET /api/articles?limit=6 200 2.661 ms - 434 Body {} 
2022-07-27 14:15:53  GET /api/fiche-pedagogiques 200 14.698 ms - 6355 Body {} 
2022-07-27 14:15:53  GET /api/articles?limit=6 200 16.662 ms - 434 Body {} 
2022-07-27 14:16:28  POST /api/user/login 200 67.698 ms - 784 Body {"email":"charlotte@gmail.com","password":"U2FsdGVkX1+sT4JLT6d3w6WMZ3dKK95HbjCTNsCX4rQ="} 
2022-07-27 14:16:29  GET /api/articles?limit=6 304 3.975 ms - - Body {} 
2022-07-27 14:16:29  GET /api/fiche-pedagogiques 304 9.670 ms - - Body {} 
2022-07-27 14:16:29  GET /api/user/4/paniers 304 7.885 ms - - Body {} 
2022-07-27 14:16:32  GET /api/user/4/paniers 304 6.485 ms - - Body {} 
2022-07-27 14:16:41  GET /api/fiche-pedagogiques 304 6.393 ms - - Body {} 
2022-07-27 14:16:41  GET /api/articles?limit=6 304 6.205 ms - - Body {} 
2022-07-27 14:17:54  POST /api/user/login 200 62.456 ms - 784 Body {"email":"charlotte@gmail.com","password":"U2FsdGVkX18DVGgP3Ve3BH8dabVJreWT/FSaT0tHF6o="} 
2022-07-27 14:17:55  GET /api/fiche-pedagogiques 304 2.932 ms - - Body {} 
2022-07-27 14:17:55  GET /api/articles?limit=6 304 3.456 ms - - Body {} 
2022-07-27 14:17:55  GET /api/user/4/paniers 304 3.923 ms - - Body {} 
2022-07-27 14:18:11  GET /api/fiche-pedagogiques 304 3.372 ms - - Body {} 
2022-07-27 14:18:11  GET /api/articles?limit=6 304 4.378 ms - - Body {} 
2022-07-27 14:18:52  POST /api/user/login 200 61.049 ms - 784 Body {"email":"charlotte@gmail.com","password":"U2FsdGVkX1+tL/J+zXWs50gS9WOZ2oP6DjJDR0les7Q="} 
2022-07-27 14:18:52  GET /api/fiche-pedagogiques 304 2.864 ms - - Body {} 
2022-07-27 14:18:52  GET /api/articles?limit=6 304 5.206 ms - - Body {} 
2022-07-27 14:18:52  GET /api/user/4/paniers 304 5.885 ms - - Body {} 
2022-07-27 14:19:19  GET /api/fiche-pedagogique/1 200 2.755 ms - 3087 Body {} 
2022-07-27 14:19:38  GET /api/fiche-pedagogiques 304 2.186 ms - - Body {} 
2022-07-27 14:19:38  GET /api/articles?limit=6 304 2.630 ms - - Body {} 
2022-07-27 14:19:39  GET /api/fiche-pedagogique/1 304 1.926 ms - - Body {} 
2022-07-27 14:19:41  GET /api/fiche-pedagogiques 304 4.175 ms - - Body {} 
2022-07-27 14:19:41  GET /api/articles?limit=6 304 5.069 ms - - Body {} 
2022-07-27 14:19:44  GET /api/quizs 304 7.778 ms - - Body {} 
2022-07-27 14:19:46  GET /api/fiche-pedagogiques 304 3.955 ms - - Body {} 
2022-07-27 14:19:46  GET /api/articles?limit=6 304 4.830 ms - - Body {} 
2022-07-27 14:19:48  GET /api/articles 200 1.371 ms - 434 Body {} 
2022-07-27 14:19:50  GET /api/fiche-pedagogiques 304 3.592 ms - - Body {} 
2022-07-27 14:19:50  GET /api/articles?limit=6 304 5.282 ms - - Body {} 
2022-07-27 14:20:32  GET /api/fiche-pedagogiques 304 2.716 ms - - Body {} 
2022-07-27 14:20:32  GET /api/articles?limit=6 304 2.653 ms - - Body {} 
2022-07-27 14:21:29  POST /api/user/login 200 61.175 ms - 784 Body {"email":"charlotte@gmail.com","password":"U2FsdGVkX1+Sg0J5MuKGTvcvPG7iKGosAKOyCNjEmFQ="} 
2022-07-27 14:21:30  GET /api/fiche-pedagogiques 304 2.809 ms - - Body {} 
2022-07-27 14:21:30  GET /api/articles?limit=6 304 3.433 ms - - Body {} 
2022-07-27 14:21:30  GET /api/user/4/paniers 304 4.116 ms - - Body {} 
2022-07-27 14:21:38  GET /api/fiche-pedagogiques 304 3.539 ms - - Body {} 
2022-07-27 14:21:38  GET /api/articles?limit=6 304 5.761 ms - - Body {} 
2022-07-27 14:22:0  POST /api/user/login 200 61.001 ms - 784 Body {"email":"charlotte@gmail.com","password":"U2FsdGVkX18WdujMReHVI+JrI81Q2/SbIaoBK4I5nz8="} 
2022-07-27 14:22:1  GET /api/fiche-pedagogiques 304 2.060 ms - - Body {} 
2022-07-27 14:22:1  GET /api/articles?limit=6 304 3.766 ms - - Body {} 
2022-07-27 14:22:1  GET /api/user/4/paniers 304 2.598 ms - - Body {} 
2022-07-27 14:22:5  GET /api/fiche-pedagogiques 304 3.120 ms - - Body {} 
2022-07-27 14:22:5  GET /api/articles?limit=6 304 4.011 ms - - Body {} 
2022-07-27 14:24:16  GET /api/fiche-pedagogiques 304 2.289 ms - - Body {} 
2022-07-27 14:24:16  GET /api/articles?limit=6 304 2.860 ms - - Body {} 
2022-07-27 14:24:46  GET /api/fiche-pedagogiques 304 2.569 ms - - Body {} 
2022-07-27 14:24:46  GET /api/articles?limit=6 304 2.949 ms - - Body {} 
2022-07-27 14:24:53  POST /api/user/login 200 60.361 ms - 784 Body {"email":"charlotte@gmail.com","password":"U2FsdGVkX1+hqSsBqHyJu2GceQ+RnMIFKiS2g4OSnbE="} 
2022-07-27 14:24:53  GET /api/user/4/paniers 304 5.330 ms - - Body {} 
2022-07-27 14:24:53  GET /api/fiche-pedagogiques 304 1.998 ms - - Body {} 
2022-07-27 14:24:53  GET /api/articles?limit=6 304 3.454 ms - - Body {} 
2022-07-27 14:24:56  GET /api/quizs 304 5.334 ms - - Body {} 
2022-07-27 14:25:34  GET /api/fiche-pedagogiques 200 2.553 ms - 6355 Body {} 
2022-07-27 14:25:34  GET /api/articles?limit=6 200 4.123 ms - 434 Body {} 
2022-07-27 14:25:34  GET /api/fiche-pedagogiques 304 2.717 ms - - Body {} 
2022-07-27 14:25:37  GET /api/quizs 304 4.076 ms - - Body {} 
2022-07-27 14:25:38  GET /api/fiche-pedagogiques 304 2.274 ms - - Body {} 
2022-07-27 14:25:38  GET /api/articles?limit=6 304 3.554 ms - - Body {} 
2022-07-27 14:25:39  GET /api/parcours-ecolos 200 6.791 ms - 1340 Body {} 
2022-07-27 14:25:42  GET /api/fiche-pedagogiques 304 2.963 ms - - Body {} 
2022-07-27 14:25:42  GET /api/articles?limit=6 304 3.949 ms - - Body {} 
2022-07-27 14:25:53  GET /api/fiche-pedagogiques 200 1.982 ms - 6355 Body {} 
2022-07-27 14:26:0  GET /api/conferences 200 6.355 ms - 1313 Body {} 
2022-07-27 14:33:8  GET /api/quizs 304 5.342 ms - - Body {} 
2022-07-27 14:35:41  PUT /api/user/4 200 73.298 ms - 279 Body {"nom":"Brisson","prenom":"Charlotte","email":"charlotte@gmail.com","telephone":"0120202020","adresse":"Rue du chat qui pue","ville":"Paris","codePostal":"75000","pays":"France","password":"$2b$10$F52zTiGCMqN2gUsoR3.XOOy4utyp0cUTN8/945kN6HW18f3jgrTtC","id":4} 
2022-07-27 14:35:43  PUT /api/user/4 200 62.858 ms - 279 Body {"nom":"Brisson","prenom":"Charlotte","email":"charlotte@gmail.com","telephone":"0120202020","adresse":"Rue du chat qui pue","ville":"Paris","codePostal":"75000","pays":"France","password":"$2b$10$KMIzbdRtli1iFz9OsEfYv.5eHMkroobiqKkTJrIrb.R086KtN.OYK","id":4} 
2022-07-27 14:35:52  PUT /api/user/4 200 64.497 ms - 279 Body {"nom":"Brisson","prenom":"Charlotte","email":"charlotte@gmail.com","telephone":"0120202020","adresse":"Rue du chat qui pue","ville":"Paris","codePostal":"75000","pays":"France","password":"$2b$10$ZW.8NA/hT0zfTfXYGDwsMOK3mRydr829vunilakYEcz1xxp/nT1ai","id":4} 
2022-07-27 14:35:53  GET /api/user/4/parcours-ecolo 304 2.556 ms - - Body {} 
2022-07-27 14:35:57  GET /api/user/4/paniers 200 2.699 ms - 480 Body {} 
2022-07-27 14:36:1  GET /api/user/4/paniers 304 2.563 ms - - Body {} 
2022-07-27 14:36:4  GET /api/fiche-pedagogiques 304 2.192 ms - - Body {} 
2022-07-27 14:36:4  GET /api/parcours-ecolos 200 1.976 ms - 1340 Body {} 
2022-07-27 14:36:5  GET /api/articles 200 2.079 ms - 434 Body {} 
2022-07-27 14:36:8  GET /api/quizs 304 10.420 ms - - Body {} 
2022-07-27 14:36:9  GET /api/fiche-pedagogiques 304 3.012 ms - - Body {} 
2022-07-27 14:36:9  GET /api/parcours-ecolos 304 2.192 ms - - Body {} 
2022-07-27 14:36:10  GET /api/conferences 304 2.541 ms - - Body {} 
2022-07-27 14:36:13  GET /api/user/4/parcours-ecolo 304 2.100 ms - - Body {} 
2022-07-27 14:36:14  GET /api/user/4/commandes 200 4.552 ms - 551 Body {} 
2022-07-27 14:37:40  PUT /api/user/4 200 65.010 ms - 280 Body {"nom":"Brisson.","prenom":"Charlotte","email":"charlotte@gmail.com","telephone":"0120202020","adresse":"Rue du chat qui pue","ville":"Paris","codePostal":"75000","pays":"France","password":"$2b$10$Ia2D8VzPg2SdHLdgPxCvrunL2gSSUm4ST8/.W/U.osR5ycCkthlzi","id":4} 
2022-07-27 14:37:41  GET /api/fiche-pedagogiques 304 2.980 ms - - Body {} 
2022-07-27 14:37:42  GET /api/parcours-ecolos 304 1.869 ms - - Body {} 
2022-07-27 14:37:43  GET /api/quizs 304 4.793 ms - - Body {} 
2022-07-27 14:37:49  PUT /api/user/4 200 64.865 ms - 279 Body {"nom":"Brisson","prenom":"Charlotte","email":"charlotte@gmail.com","telephone":"0120202020","adresse":"Rue du chat qui pue","ville":"Paris","codePostal":"75000","pays":"France","password":"$2b$10$qr7vGkPObXs.MpdYOJBjeuB3wPf/FtHsfRIQO/in.LSu/Gk9W6BiG","id":4} 
2022-07-27 14:37:50  GET /api/user/4/parcours-ecolo 304 2.594 ms - - Body {} 
2022-07-27 14:37:52  GET /api/fiche-pedagogiques 304 2.889 ms - - Body {} 
2022-07-27 14:37:53  GET /api/quizs 304 4.664 ms - - Body {} 
2022-07-27 14:38:15  PUT /api/user/4 200 63.249 ms - 280 Body {"nom":"Brisson.","prenom":"Charlotte","email":"charlotte@gmail.com","telephone":"0120202020","adresse":"Rue du chat qui pue","ville":"Paris","codePostal":"75000","pays":"France","password":"$2b$10$za9tyKj4fdOsBdyQaBQK7ODmuFg8L3KUejkBqa0h3hMQLczA6nP9m","id":4} 
2022-07-27 14:38:18  GET /api/user/4/parcours-ecolo 304 2.240 ms - - Body {} 
2022-07-27 14:38:21  GET /api/fiche-pedagogiques 304 2.074 ms - - Body {} 
2022-07-27 14:38:22  GET /api/parcours-ecolos 304 2.847 ms - - Body {} 
2022-07-27 14:38:24  GET /api/articles 304 1.819 ms - - Body {} 
2022-07-27 14:38:27  GET /api/parcours-ecolos 304 2.610 ms - - Body {} 
2022-07-27 14:38:31  GET /api/fiche-pedagogiques 304 1.847 ms - - Body {} 
2022-07-27 14:38:32  GET /api/parcours-ecolos 304 2.450 ms - - Body {} 
2022-07-27 14:38:39  GET /api/user/4/parcours-ecolo 304 2.627 ms - - Body {} 
2022-07-27 14:38:39  GET /api/user/4/commandes 200 6.229 ms - 552 Body {} 
2022-07-27 14:38:41  GET /api/user/4/parcours-ecolo 304 2.095 ms - - Body {} 
2022-07-27 14:38:44  PUT /api/user/4 200 64.069 ms - 279 Body {"nom":"Brisson","prenom":"Charlotte","email":"charlotte@gmail.com","telephone":"0120202020","adresse":"Rue du chat qui pue","ville":"Paris","codePostal":"75000","pays":"France","password":"$2b$10$uQl0YDFTU2YytIink/WMl.CfrVqG6RQ9YnLU/pJhmjZxAHEX3bCtW","id":4} 
2022-07-27 14:38:46  PUT /api/user/4 200 65.707 ms - 279 Body {"nom":"Brisson","prenom":"Charlotte","email":"charlotte@gmail.com","telephone":"0120202020","adresse":"Rue du chat qui pue","ville":"Paris","codePostal":"75000","pays":"France","password":"$2b$10$Z3FmIzLntPIJ32KpBa6mA.jUFs9rp4mY3H3Y3P2D4KO2/ZIUrrgeq","id":4} 
2022-07-27 14:38:47  GET /api/user/4/parcours-ecolo 304 1.888 ms - - Body {} 
2022-07-27 14:38:49  GET /api/user/4/commandes 200 6.273 ms - 551 Body {} 
2022-07-27 14:38:50  GET /api/fiche-pedagogiques 304 2.023 ms - - Body {} 
2022-07-27 14:38:51  GET /api/parcours-ecolos 304 2.118 ms - - Body {} 
2022-07-27 14:38:52  GET /api/fiche-pedagogiques 304 2.490 ms - - Body {} 
2022-07-27 14:38:52  GET /api/articles?limit=6 200 2.257 ms - 434 Body {} 
2022-07-27 14:38:53  GET /api/quizs 304 5.039 ms - - Body {} 
2022-07-27 14:38:53  GET /api/articles 304 1.648 ms - - Body {} 
2022-07-27 14:38:54  GET /api/conferences 304 2.546 ms - - Body {} 
2022-07-27 14:38:58  GET /api/user/4/parcours-ecolo 304 1.921 ms - - Body {} 
2022-07-27 14:38:59  GET /api/user/4/commandes 304 2.324 ms - - Body {} 
2022-07-27 14:39:54  PUT /api/user/4 200 67.114 ms - 282 Body {"nom":"Brisson...","prenom":"Charlotte","email":"charlotte@gmail.com","telephone":"0120202020","adresse":"Rue du chat qui pue","ville":"Paris","codePostal":"75000","pays":"France","password":"$2b$10$BBAgd1KfUbDQ8a0.FUH3ceFjlyQdMWfZnGd.XO6ShJSIyaqF0r.qy","id":4} 
2022-07-27 14:40:28  PUT /api/user/4 200 63.805 ms - 282 Body {"nom":"Brisson123","prenom":"Charlotte","email":"charlotte@gmail.com","telephone":"0120202020","adresse":"Rue du chat qui pue","ville":"Paris","codePostal":"75000","pays":"France","password":"$2b$10$8EOhvYw9RJxKyF5N5tU0W.nQfH8xeezRCzxI9Nd/jGUTM.gwHK1CW","id":4} 
2022-07-27 14:40:46  PUT /api/user/4 200 67.319 ms - 279 Body {"nom":"Brisson","prenom":"Charlotte","email":"charlotte@gmail.com","telephone":"0120202020","adresse":"Rue du chat qui pue","ville":"Paris","codePostal":"75000","pays":"France","password":"$2b$10$1QXUfSpclXrGhG8xO7zrXOYKbX.kp/z7Lgw0WHwcMyuws/gIvYaji","id":4} 
2022-07-27 14:41:14  GET /api/fiche-pedagogiques 200 1.818 ms - 6355 Body {} 
2022-07-27 14:41:14  GET /api/articles?limit=6 200 2.640 ms - 434 Body {} 
2022-07-27 14:42:14  GET /api/fiche-pedagogiques 304 1.995 ms - - Body {} 
2022-07-27 14:42:14  GET /api/articles?limit=6 304 2.823 ms - - Body {} 
2022-07-27 14:42:14  GET /api/user/4/paniers 200 3.905 ms - 480 Body {} 
2022-07-27 14:42:18  GET /api/fiche-pedagogiques 304 1.889 ms - - Body {} 
2022-07-27 14:42:18  GET /api/articles?limit=6 304 1.865 ms - - Body {} 
2022-07-27 14:42:25  POST /api/user/login 200 61.276 ms - 12 Body {"email":"charlotte@gmail.com","password":"U2FsdGVkX19Jqu0aI7qXrUxk427d0jVQzW+dWN7hb5k="} 
2022-07-27 14:42:31  POST /api/user/login 200 60.262 ms - 12 Body {"email":"charlotte@gmail.com","password":"U2FsdGVkX1/wDVlQwUyfcSEsXkfER+xNk3QJ7xEKeWc="} 
2022-07-27 14:42:33  POST /api/user/login 200 63.770 ms - 12 Body {"email":"charlotte@gmail.com","password":"U2FsdGVkX18dN1tPOrCg0IlsTvRtvj8h/HuCgG58llY="} 
2022-07-27 14:42:34  POST /api/user/login 200 60.486 ms - 12 Body {"email":"charlotte@gmail.com","password":"U2FsdGVkX1/fY9Vl+HZnY7glXq4JAIjvU52jpuw0Jdo="} 
2022-07-27 14:42:36  POST /api/user/login 200 60.741 ms - 12 Body {"email":"charlotte@gmail.com","password":"U2FsdGVkX1+DvvK+edBRzEpLYouBdW/HAgVYbS6K1yI="} 
2022-07-27 14:42:37  POST /api/user/login 200 60.443 ms - 12 Body {"email":"charlotte@gmail.com","password":"U2FsdGVkX18A6jJ00vRaCjGqvDaLSVroSIzyuknbIMM="} 
2022-07-27 14:42:47  POST /api/user/login 200 61.281 ms - 12 Body {"email":"charlotte@gmail.com","password":"U2FsdGVkX1/nQ6Fd8kgrhgvD5eyi7ihPTrdf0KAZHT0="} 
2022-07-27 14:42:49  POST /api/user/login 200 60.674 ms - 12 Body {"email":"charlotte@gmail.com","password":"U2FsdGVkX1+O6nuqX7KHS3zEI5DuIQsDHOQpIcfDqSQ="} 
2022-07-27 14:42:49  POST /api/user/login 200 63.156 ms - 12 Body {"email":"charlotte@gmail.com","password":"U2FsdGVkX19Bskrn+CQI70NUxmCkmeHHoTurC24Zxwc="} 
2022-07-27 14:42:49  POST /api/user/login 200 60.057 ms - 12 Body {"email":"charlotte@gmail.com","password":"U2FsdGVkX1+1EoYZskMiLShdfiwu/gviVnQAfDXbbrw="} 
2022-07-27 14:42:49  POST /api/user/login 200 60.266 ms - 12 Body {"email":"charlotte@gmail.com","password":"U2FsdGVkX1/46l3Y/a3BwdXFGXUb9FV5GolEyD1BA0U="} 
2022-07-27 14:42:50  POST /api/user/login 200 60.939 ms - 12 Body {"email":"charlotte@gmail.com","password":"U2FsdGVkX18GpxrdL7PiIdtTf+Dkp+KBfkOcaDAUktw="} 
2022-07-27 14:42:50  POST /api/user/login 200 61.080 ms - 12 Body {"email":"charlotte@gmail.com","password":"U2FsdGVkX18e5k2KwDyDmD3h2FYiPSELpfawgjURnW0="} 
2022-07-27 14:42:50  POST /api/user/login 200 61.339 ms - 12 Body {"email":"charlotte@gmail.com","password":"U2FsdGVkX18+xjFCE3jj7nRkmKsUWucscgtLVZqZgUo="} 
2022-07-27 14:42:50  POST /api/user/login 200 59.980 ms - 12 Body {"email":"charlotte@gmail.com","password":"U2FsdGVkX1/QgED/tKtXLYLo6zq7D5H5NqQsCOw2NKY="} 
2022-07-27 14:43:50  POST /api/user/login 200 61.183 ms - 12 Body {"email":"charlotte@gmail.com","password":"U2FsdGVkX18w7l0Oc31YPtx0vXLnUTtkGlL4Xzj0NRrc0FoipADn31IWkmFvkCfZB0o2YywqESEWsPoiI/bl/w=="} 
2022-07-27 14:44:13  POST /api/user/login 200 60.419 ms - 12 Body {"email":"charlotte@gmail.com","password":"U2FsdGVkX18Ea8k05EHo3Lcr2aneEZOrzPEkANmVNP2lTq3KtWMaNexN9CGP4lH/xIMyELqtj7SmjBsEGm0dnA=="} 
2022-07-27 14:44:23  POST /api/user/login 200 60.018 ms - 12 Body {"email":"charlotte@gmail.com","password":"U2FsdGVkX19HiD3qtHx2bXmGUWvPb0QSyGOPJBeY7CqSpCF6n9wx+7k1QrOuefPuF/lcqbiXg7yh2aatxw4u5A=="} 
2022-07-27 14:44:24  POST /api/user/login 200 60.347 ms - 12 Body {"email":"charlotte@gmail.com","password":"U2FsdGVkX1+wuzIwlKwnGg7njk0bqhu7MwOodAzQVFpa++DZtm+udLuI4+AdHCQsLieL+7wVCj4uCy9eoRKh7A=="} 
2022-07-27 14:44:24  POST /api/user/login 200 61.458 ms - 12 Body {"email":"charlotte@gmail.com","password":"U2FsdGVkX1999L9U83Gs/fXIjaJIUwveQ8Ju4TDoZe2klFk/2cshjdtmtnPoQdK06OVGEImPY67TJI37ykbYHQ=="} 
2022-07-27 14:44:24  POST /api/user/login 200 60.367 ms - 12 Body {"email":"charlotte@gmail.com","password":"U2FsdGVkX18iCZNWtTCXMjp6Amgya25fZRUV7Ygr5hrVFJZDHonNPTGMc94hA4VFq6Beyh+HMm538QUQyT15pg=="} 
2022-07-27 14:45:22  GET /api/fiche-pedagogiques 304 14.698 ms - - Body {} 
2022-07-27 14:45:22  GET /api/articles?limit=6 200 15.740 ms - 434 Body {} 
2022-07-27 14:45:29  POST /api/user/login 200 67.487 ms - 784 Body {"email":"charlotte@gmail.com","password":"U2FsdGVkX1/1E9C6SSnV++KwHvYY+tTddYg9S9U9Gdg="} 
2022-07-27 14:45:29  GET /api/fiche-pedagogiques 304 7.692 ms - - Body {} 
2022-07-27 14:45:29  GET /api/articles?limit=6 304 11.955 ms - - Body {} 
2022-07-27 14:45:29  GET /api/user/4/paniers 200 10.673 ms - 22 Body {} 
2022-07-27 14:46:10  PUT /api/user/4 200 71.184 ms - 270 Body {"nom":"Brisson123","prenom":"Charlotte","email":"charlotte@gmail.com","telephone":"0120202020","adresse":"Rue ici","ville":"Paris","codePostal":"75000","pays":"France","password":"$2b$10$5bpYEqDGZa.7FGLhevMwmu/54mbLE1OeWse71t3yWSxnHVea1Rw5q","id":4} 
2022-07-27 14:46:18  GET /api/user/4/parcours-ecolo 304 4.481 ms - - Body {} 
2022-07-27 14:46:22  PUT /api/user/4 200 64.829 ms - 270 Body {"nom":"Brisson123","prenom":"Charlotte","email":"charlotte@gmail.com","telephone":"0120202020","adresse":"Rue ici","ville":"Paris","codePostal":"75000","pays":"France","password":"$2b$10$P0/gqv3LZUt0DIf/ueHCiuaYg1Q2SCdFdTUpjKZzlkPNxkO8bnJa.","id":4} 
2022-07-27 14:46:27  PUT /api/user/4 200 65.054 ms - 270 Body {"nom":"Brisson123","prenom":"Charlotte","email":"charlotte@gmail.com","telephone":"0120202020","adresse":"Rue ici","ville":"Paris","codePostal":"75000","pays":"France","password":"$2b$10$GSqMPm4B3Ou0wShMqDBWS.18iJheir19xiBw3lJL.AHaEzkSp0bOi","id":4} 
2022-07-27 14:46:39  PUT /api/user/4 200 65.528 ms - 267 Body {"nom":"Brisson","prenom":"Charlotte","email":"charlotte@gmail.com","telephone":"0120202020","adresse":"Rue ici","ville":"Paris","codePostal":"75000","pays":"France","password":"$2b$10$H7VIN/cXeGlFi63IyGlJBe6XQkMe56ghtcGj57fMgCjnzzwlyEDhG","id":4} 
2022-07-27 14:46:44  PUT /api/user/4 200 66.072 ms - 267 Body {"nom":"Brisson","prenom":"Charlotte","email":"charlotte@gmail.com","telephone":"0120202020","adresse":"Rue ici","ville":"Paris","codePostal":"75000","pays":"France","password":"$2b$10$HnZ6QJnm45IHfGtRX8LAvuoA6BbjB7LbPNb/vm7fp883JbM4n6rqG","id":4} 
2022-07-27 14:48:9  GET /api/conferences 200 7.457 ms - 1313 Body {} 
2022-07-27 17:29:26  GET /api/parcours-ecolos 200 3.444 ms - 1340 Body {} 
2022-07-27 17:29:33  GET /api/conferences 200 4.150 ms - 1313 Body {} 
2022-07-27 17:30:30  GET /api/fiche-pedagogiques 200 4.067 ms - 6355 Body {} 
2022-07-27 17:30:30  GET /api/articles?limit=6 200 4.719 ms - 434 Body {} 
2022-07-27 17:33:39  GET /api/parcours-ecolos 304 3.369 ms - - Body {} 
2022-07-27 17:35:42  GET /api/fiche-pedagogiques 304 3.003 ms - - Body {} 
2022-07-27 17:35:42  GET /api/articles?limit=6 304 2.953 ms - - Body {} 
2022-07-27 17:36:15  GET /api/conferences 304 2.758 ms - - Body {} 
2022-07-27 17:36:57  GET /api/conferences 304 2.194 ms - - Body {} 
2022-07-27 17:37:4  GET /api/conferences 304 2.153 ms - - Body {} 
2022-07-27 17:37:13  GET /api/conferences 304 3.012 ms - - Body {} 
2022-07-27 17:37:42  GET /api/conferences 304 2.738 ms - - Body {} 
2022-07-27 17:37:49  GET /api/conferences 304 2.482 ms - - Body {} 
2022-07-27 17:37:55  GET /api/conferences 304 1.882 ms - - Body {} 
2022-07-27 17:38:0  GET /api/conferences 304 1.863 ms - - Body {} 
2022-07-27 17:38:4  GET /api/conferences 304 2.637 ms - - Body {} 
2022-07-27 17:38:4  GET /api/user/4/paniers 304 3.321 ms - - Body {} 
2022-07-27 17:38:20  GET /api/conferences 304 2.173 ms - - Body {} 
2022-07-27 17:38:28  GET /api/conferences 304 2.618 ms - - Body {} 
2022-07-27 17:38:43  GET /api/conferences 304 2.132 ms - - Body {} 
2022-07-27 17:38:49  GET /api/conferences 304 3.027 ms - - Body {} 
2022-07-27 17:38:49  GET /api/user/4/paniers 304 2.844 ms - - Body {} 
2022-07-27 17:39:1  GET /api/conferences 304 2.118 ms - - Body {} 
2022-07-27 17:39:10  GET /api/conferences 304 2.428 ms - - Body {} 
2022-07-27 17:39:29  GET /api/conferences 304 1.775 ms - - Body {} 
2022-07-27 17:39:55  GET /api/conferences 304 1.938 ms - - Body {} 
2022-07-27 17:44:31  GET /api/conferences 200 11.306 ms - 1313 Body {} 
2022-07-27 17:46:26  GET /api/conferences 200 6.414 ms - 1438 Body {} 
2022-07-27 17:46:26  GET /api/user/4/paniers 304 6.696 ms - - Body {} 
2022-07-27 17:47:30  GET /api/conferences 304 3.318 ms - - Body {} 
2022-07-27 17:47:47  GET /api/conferences 304 2.250 ms - - Body {} 
2022-07-27 17:47:52  GET /api/conferences 304 2.568 ms - - Body {} 
2022-07-27 17:51:55  GET /api/conferences 304 2.973 ms - - Body {} 
2022-07-27 17:52:5  GET /api/articles 200 3.768 ms - 434 Body {} 
2022-07-27 17:52:6  GET /api/conferences 304 3.429 ms - - Body {} 
2022-07-27 17:52:27  GET /api/conferences 200 2.751 ms - 1438 Body {} 
2022-07-27 17:52:48  GET /api/conferences 304 11.982 ms - - Body {} 
2022-07-27 17:52:48  GET /api/conferences 304 4.103 ms - - Body {} 
2022-07-27 17:53:38  GET /api/fiche-pedagogiques 304 15.111 ms - - Body {} 
2022-07-27 17:53:38  GET /api/articles?limit=6 304 15.955 ms - - Body {} 
2022-07-27 17:53:41  GET /api/quizs 304 10.123 ms - - Body {} 
2022-07-27 17:53:43  GET /api/quiz/1 200 11.463 ms - 2072 Body {} 
2022-07-27 17:53:44  GET /api/fiche-pedagogiques 304 4.452 ms - - Body {} 
2022-07-27 17:53:44  GET /api/articles?limit=6 304 5.613 ms - - Body {} 
2022-07-27 17:56:59  GET /api/fiche-pedagogiques 200 4.658 ms - 6355 Body {} 
2022-07-27 17:57:1  GET /api/fiche-pedagogique/1 200 5.300 ms - 3087 Body {} 
