2021-11-29 21:41:20  GET /articles 404 3.505 ms - 147 Body {} 
2021-11-29 21:41:24  GET /article 404 1.493 ms - 146 Body {} 
2021-11-29 21:41:29  POST /user/login 404 0.362 ms - 150 Body {} 
2021-11-29 21:41:34  GET /users 404 0.324 ms - 144 Body {} 
2021-11-29 21:42:49  GET /users 404 0.217 ms - 144 Body {} 
2021-11-29 21:42:50  GET /users 404 0.373 ms - 144 Body {} 
2021-11-29 21:42:53  GET /user 404 0.268 ms - 143 Body {} 
2021-11-29 21:42:54  GET /user 404 0.417 ms - 143 Body {} 
2021-11-29 21:42:58  GET /user/1 404 0.293 ms - 145 Body {} 
2021-11-29 21:42:59  GET /user/1 404 0.252 ms - 145 Body {} 
2021-11-29 21:44:47  GET /user/1 404 0.230 ms - 145 Body {} 
2021-11-29 21:45:57  GET /users 404 0.220 ms - 144 Body {} 
2021-11-29 21:46:22  GET /articles 404 0.281 ms - 147 Body {} 
2021-11-29 21:46:28  GET /api/articles 200 7.941 ms - 22 Body {} 
2021-11-29 21:46:48  GET /api/users 200 3.308 ms - 562 Body {} 
2021-11-29 21:50:34  GET /api/user/login%20 - - ms - - Body {} 
2021-11-29 21:50:40  POST /api/user/login%20 404 0.230 ms - 157 Body {} 
2021-11-29 21:50:47  POST /api/user/login 200 2.643 ms - 12 Body {} 
2021-11-29 21:58:50  POST /api/user/login 200 1.614 ms - 12 Body {} 
2021-11-29 21:58:54  POST /api/user/login 200 1.279 ms - 12 Body {} 
2021-12-05 18:11:40  GET / 404 5.584 ms - 139 Body {} 
2021-12-05 18:12:24  OPTIONS /api/user/login 200 2.387 ms - 13 Body {} 
2021-12-05 18:13:37  GET /login 404 0.372 ms - 144 Body {} 
2021-12-05 18:13:49  GET / 404 0.271 ms - 139 Body {} 
2021-12-05 18:16:47  POST /api/user/login 200 9.735 ms - 12 Body {} 
2021-12-05 18:16:53  POST /api/user/login 200 1.817 ms - 12 Body {} 
2021-12-05 18:16:58  POST /api/user/login 200 2.132 ms - 12 Body {} 
2021-12-05 18:16:59  POST /api/user/login 200 1.354 ms - 12 Body {} 
2021-12-05 18:17:0  POST /api/user/login 200 3.808 ms - 12 Body {} 
2021-12-05 18:17:1  POST /api/user/login 200 1.368 ms - 12 Body {} 
2021-12-05 18:17:3  POST /api/user/login 200 6.565 ms - 12 Body {} 
2021-12-05 18:17:9  POST /api/user/login 200 1.253 ms - 12 Body {} 
2021-12-05 18:17:15  POST /api/user/login 200 1.683 ms - 12 Body {} 
2021-12-05 18:17:54  POST /api/user/login 200 1.871 ms - 12 Body {"email":"rfer","password":"erf"} 
2021-12-05 18:18:20  POST /api/user/login 200 58.392 ms - 789 Body {"email":"noguizeweb@gmail.com","password":"123456"} 
2021-12-05 18:30:47  POST /api/user/login 200 55.209 ms - 789 Body {"email":"noguizeweb@gmail.com","password":"123456"} 
2021-12-05 18:31:3  GET /api/user/login - - ms - - Body {"email":"noguizeweb@gmail.com","password":"123456"} 
2021-12-05 18:31:4  GET /api/users 200 1.753 ms - 562 Body {"email":"noguizeweb@gmail.com","password":"123456"} 
2021-12-05 18:33:34  GET /api/user 404 1.807 ms - 147 Body {"email":"noguizeweb@gmail.com","password":"123456"} 
2021-12-05 18:38:52  GET /api/user 404 0.773 ms - 147 Body {} 
2021-12-05 18:38:57  GET /api/user 404 0.248 ms - 147 Body {} 
2021-12-05 18:39:8  GET /api/users 200 1.907 ms - 562 Body {} 
2021-12-05 18:39:10  GET /api/users 200 4.669 ms - 562 Body {} 
2021-12-05 18:39:52  OPTIONS /api/user/login 200 0.464 ms - 13 Body {} 
2021-12-05 18:40:6  OPTIONS /api/user/login 200 0.310 ms - 13 Body {} 
2021-12-05 18:40:31  OPTIONS /api/user/login 200 0.212 ms - 13 Body {} 
2021-12-05 18:41:45  OPTIONS /api/user/login 200 0.268 ms - 13 Body {} 
2021-12-05 18:42:38  OPTIONS /api/user/login 200 0.378 ms - 13 Body {} 
2021-12-05 18:42:43  OPTIONS /api/user/login 200 0.355 ms - 13 Body {} 
2021-12-05 18:42:51  OPTIONS /api/user/login 200 0.239 ms - 13 Body {} 
2021-12-05 18:49:9  OPTIONS /api/login/tutorials 404 0.253 ms - 162 Body {} 
2021-12-05 18:49:27  OPTIONS /api/login 404 0.523 ms - 152 Body {} 
2021-12-05 18:49:43  OPTIONS /api/user/login 200 0.227 ms - 13 Body {} 
2021-12-05 18:50:39  OPTIONS /api/user/login 200 0.232 ms - 13 Body {} 
2021-12-05 18:50:52  OPTIONS /api/user/login 200 0.246 ms - 13 Body {} 
2021-12-05 18:50:59  OPTIONS /api/user/login 200 0.229 ms - 13 Body {} 
2021-12-05 18:50:59  OPTIONS /api/user/login 200 0.299 ms - 13 Body {} 
2021-12-05 18:50:59  OPTIONS /api/user/login 200 0.231 ms - 13 Body {} 
2021-12-05 18:51:0  OPTIONS /api/user/login 200 0.209 ms - 13 Body {} 
2021-12-05 18:51:0  OPTIONS /api/user/login 200 0.726 ms - 13 Body {} 
2021-12-05 18:51:0  OPTIONS /api/user/login 200 0.220 ms - 13 Body {} 
2021-12-05 18:51:0  OPTIONS /api/user/login 200 0.228 ms - 13 Body {} 
2021-12-05 18:51:57  POST /api/user/login 200 1.893 ms - 12 Body {} 
2021-12-05 18:53:0  POST /api/user/login 200 1.304 ms - 12 Body {} 
2021-12-05 18:53:24  POST /api/user/login 200 1.607 ms - 12 Body {} 
2021-12-05 18:55:34  GET /api/user/login - - ms - - Body {"email":"noguizeweb@gmail.com","password":"123456"} 
2021-12-05 18:55:35  POST /api/user/login 200 55.025 ms - 789 Body {"email":"noguizeweb@gmail.com","password":"123456"} 
2021-12-05 19:6:41  POST /api/user/login 200 1.226 ms - 12 Body {} 
2021-12-05 19:9:19  GET /api/user/login - - ms - - Body {} 
2021-12-05 19:16:56  POST /api/user/login 200 66.197 ms - 12 Body {} 
2021-12-05 19:17:20  POST /api/user/login 200 2.098 ms - 12 Body {} 
2021-12-05 19:17:55  POST /api/user/login 200 1.827 ms - 12 Body {} 
2021-12-05 19:17:56  POST /api/user/login 200 1.535 ms - 12 Body {} 
2021-12-05 19:18:15  POST /api/user/login 200 57.626 ms - 789 Body {"email":"noguizeweb@gmail.com","password":"123456"} 
2021-12-05 19:18:58  POST /api/user/login 200 55.271 ms - 789 Body {"email":"noguizeweb@gmail.com","password":"123456"} 
2021-12-05 19:19:3  POST /api/user/login 200 56.368 ms - 789 Body {"email":"noguizeweb@gmail.com","password":"123456"} 
2021-12-05 19:19:4  POST /api/user/login 200 60.354 ms - 789 Body {"email":"noguizeweb@gmail.com","password":"123456"} 
2021-12-05 19:19:4  POST /api/user/login 200 55.181 ms - 789 Body {"email":"noguizeweb@gmail.com","password":"123456"} 
2021-12-05 19:19:5  POST /api/user/login 200 54.998 ms - 789 Body {"email":"noguizeweb@gmail.com","password":"123456"} 
2021-12-05 19:20:50  POST /api/user/login 200 1.361 ms - 12 Body {} 
2021-12-05 19:21:3  POST /api/user/login 200 5.077 ms - 12 Body {} 
2021-12-05 19:22:7  POST /api/user/login 200 1.323 ms - 12 Body {} 
2021-12-05 19:22:44  POST /api/user/login 200 1.414 ms - 12 Body {} 
2021-12-06 13:10:59  POST /api/user/login 200 76.860 ms - 12 Body {} 
2021-12-06 13:11:30  POST /api/user/login 200 69.441 ms - 789 Body {"email":"noguizeweb@gmail.com","password":"123456"} 
2021-12-06 13:12:44  POST /api/user/login 200 92.845 ms - 789 Body {"email":"noguizeweb@gmail.com","password":"123456"} 
2021-12-06 13:13:14  POST /api/user/login 200 4.658 ms - 12 Body {} 
2021-12-06 13:13:55  POST /api/user/login 200 6.515 ms - 12 Body {} 
2021-12-06 13:14:9  POST /api/user/login 200 2.887 ms - 12 Body {} 
2021-12-06 13:15:15  POST /api/user/login 200 2.715 ms - 12 Body {} 
2021-12-06 13:15:35  POST /api/user/login 200 2.783 ms - 12 Body {} 
2021-12-06 13:15:50  POST /api/user/login 200 3.142 ms - 12 Body {} 
2021-12-06 13:17:37  POST /api/user/login 200 3.343 ms - 12 Body {} 
2021-12-06 13:18:8  POST /api/user/login 200 96.766 ms - 12 Body {} 
2021-12-06 13:21:41  POST /api/user/login 200 131.481 ms - 789 Body {"email":"noguizeweb@gmail.com","password":"123456"} 
2021-12-11 10:53:3  POST /api/user/login 200 80.643 ms - 789 Body {"email":"noguizeweb@gmail.com","password":"123456"} 
2021-12-11 11:25:13  POST /api/user/login 200 78.161 ms - 789 Body {"email":"noguizeweb@gmail.com","password":"123456"} 
2021-12-11 11:34:40  POST /api/user/login 200 1.992 ms - 12 Body {"email":"","password":""} 
2021-12-11 11:38:31  POST /api/user/login 200 5.807 ms - 12 Body {"email":"","password":""} 
2021-12-11 12:19:4  POST /api/user/login 200 1.740 ms - 12 Body {"email":"","password":""} 
2021-12-11 12:21:48  POST /api/user/login 200 2.355 ms - 12 Body {"email":"","password":""} 
2021-12-11 12:21:52  POST /api/user/login 200 1.972 ms - 12 Body {"email":"","password":""} 
2021-12-11 12:22:11  POST /api/user/login 200 2.305 ms - 12 Body {"email":"erf","password":"eff"} 
2021-12-11 12:22:23  POST /api/user/login 200 1.406 ms - 12 Body {"email":"","password":""} 
2021-12-11 12:23:15  POST /api/user/login 200 1.452 ms - 12 Body {"email":"","password":""} 
2021-12-11 12:23:37  POST /api/user/login 200 2.159 ms - 12 Body {"email":"","password":""} 
2021-12-11 12:24:7  POST /api/user/login 200 1.295 ms - 12 Body {"email":"","password":""} 
2021-12-11 12:24:49  POST /api/user/login 200 1.403 ms - 12 Body {"email":"","password":""} 
2021-12-11 12:25:33  POST /api/user/login 200 1.524 ms - 12 Body {"email":"","password":""} 
2021-12-11 12:25:46  POST /api/user/login 200 1.291 ms - 12 Body {"email":"","password":""} 
2021-12-11 12:25:48  POST /api/user/login 200 1.363 ms - 12 Body {"email":"","password":""} 
2021-12-11 12:26:15  POST /api/user/login 200 58.450 ms - 789 Body {"email":"noguizeweb@gmail.com","password":"123456"} 
2021-12-11 12:27:45  POST /api/user/login 200 57.048 ms - 789 Body {"email":"noguizeweb@gmail.com","password":"123456"} 
2021-12-11 12:28:3  POST /api/user/login 200 61.377 ms - 789 Body {"email":"noguizeweb@gmail.com","password":"123456"} 
2021-12-11 12:28:57  POST /api/user/login 200 57.762 ms - 789 Body {"email":"noguizeweb@gmail.com","password":"123456"} 
2021-12-11 12:29:13  POST /api/user/login 200 57.710 ms - 789 Body {"email":"noguizeweb@gmail.com","password":"123456"} 
2021-12-11 12:29:14  POST /api/user/login 200 61.745 ms - 789 Body {"email":"noguizeweb@gmail.com","password":"123456"} 
2021-12-11 12:29:15  POST /api/user/login 200 56.332 ms - 789 Body {"email":"noguizeweb@gmail.com","password":"123456"} 
2021-12-11 12:29:15  POST /api/user/login 200 64.776 ms - 789 Body {"email":"noguizeweb@gmail.com","password":"123456"} 
2021-12-11 12:29:26  POST /api/user/login 200 59.861 ms - 789 Body {"email":"noguizeweb@gmail.com","password":"123456"} 
2021-12-11 12:29:27  POST /api/user/login 200 56.058 ms - 789 Body {"email":"noguizeweb@gmail.com","password":"123456"} 
2021-12-11 12:29:28  POST /api/user/login 200 64.122 ms - 789 Body {"email":"noguizeweb@gmail.com","password":"123456"} 
2021-12-11 12:29:28  POST /api/user/login 200 59.421 ms - 789 Body {"email":"noguizeweb@gmail.com","password":"123456"} 
2021-12-11 12:29:31  POST /api/user/login 200 55.980 ms - 789 Body {"email":"noguizeweb@gmail.com","password":"123456"} 
2021-12-11 12:29:32  POST /api/user/login 200 60.068 ms - 789 Body {"email":"noguizeweb@gmail.com","password":"123456"} 
2021-12-11 12:29:39  POST /api/user/login 200 56.774 ms - 789 Body {"email":"noguizeweb@gmail.com","password":"123456"} 
2021-12-11 12:29:39  POST /api/user/login 200 56.376 ms - 789 Body {"email":"noguizeweb@gmail.com","password":"123456"} 
2021-12-11 12:30:0  POST /api/user/login 200 56.964 ms - 789 Body {"email":"noguizeweb@gmail.com","password":"123456"} 
2021-12-11 12:30:1  POST /api/user/login 200 56.369 ms - 789 Body {"email":"noguizeweb@gmail.com","password":"123456"} 
2021-12-11 12:30:6  POST /api/user/login 200 57.121 ms - 789 Body {"email":"noguizeweb@gmail.com","password":"123456"} 
2021-12-11 12:30:10  POST /api/user/login 200 62.226 ms - 789 Body {"email":"noguizeweb@gmail.com","password":"123456"} 
2021-12-11 12:30:12  POST /api/user/login 200 57.245 ms - 789 Body {"email":"noguizeweb@gmail.com","password":"123456"} 
2021-12-11 12:30:14  POST /api/user/login 200 62.051 ms - 789 Body {"email":"noguizeweb@gmail.com","password":"123456"} 
2021-12-11 12:30:42  POST /api/user/login 200 63.046 ms - 789 Body {"email":"noguizeweb@gmail.com","password":"123456"} 
2021-12-11 12:30:43  POST /api/user/login 200 69.950 ms - 789 Body {"email":"noguizeweb@gmail.com","password":"123456"} 
2021-12-11 12:31:32  POST /api/user/login 200 1.324 ms - 12 Body {"email":"","password":""} 
2021-12-11 12:39:8  POST /api/user/login 200 2.104 ms - 12 Body {"email":"","password":""} 
2021-12-11 12:46:2  POST /api/user/login 200 1.456 ms - 12 Body {"email":"noguizeweb@gmail","password":""} 
2021-12-11 12:46:15  POST /api/user/login 200 63.765 ms - 789 Body {"email":"noguizeweb@gmail.com","password":"123456"} 
2021-12-11 12:46:47  POST /api/user/login 200 59.507 ms - 789 Body {"email":"noguizeweb@gmail.com","password":"123456"} 
2021-12-11 12:47:24  POST /api/user/login 200 65.520 ms - 789 Body {"email":"noguizeweb@gmail.com","password":"123456"} 
2021-12-11 12:49:9  POST /api/user/login 200 63.858 ms - 789 Body {"email":"noguizeweb@gmail.com","password":"123456"} 
2021-12-11 12:50:15  POST /api/user/login 200 62.132 ms - 789 Body {"email":"noguizeweb@gmail.com","password":"123456"} 
2021-12-11 14:38:8  POST /api/user/login 200 68.269 ms - 789 Body {"email":"noguizeweb@gmail.com","password":"123456"} 
2021-12-11 15:21:28  POST /api/user/login 200 2.811 ms - 12 Body {"email":"","password":""} 
2021-12-11 15:21:40  POST /api/user/login 200 1.442 ms - 12 Body {"email":"","password":""} 
2021-12-11 15:29:8  POST /api/user/login 200 1.446 ms - 12 Body {"email":"","password":""} 
2021-12-11 15:29:10  POST /api/user/login 200 1.512 ms - 12 Body {"email":"","password":""} 
2021-12-11 15:29:32  POST /api/user/login 200 58.080 ms - 789 Body {"email":"noguizeweb@gmail.com","password":"123456"} 
2021-12-11 15:30:30  POST /api/user/login 200 55.404 ms - 789 Body {"email":"noguizeweb@gmail.com","password":"123456"} 
2021-12-11 15:30:40  POST /api/user/login 200 57.179 ms - 789 Body {"email":"noguizeweb@gmail.com","password":"123456"} 
2021-12-11 15:30:43  POST /api/user/login 200 57.657 ms - 789 Body {"email":"noguizeweb@gmail.com","password":"123456"} 
2021-12-11 15:30:49  POST /api/user/login 200 55.953 ms - 789 Body {"email":"noguizeweb@gmail.com","password":"123456"} 
2021-12-11 15:34:10  POST /api/user/login 200 58.729 ms - 789 Body {"email":"noguizeweb@gmail.com","password":"123456"} 
2021-12-11 15:44:20  POST /api/user/login 200 57.928 ms - 789 Body {"email":"noguizeweb@gmail.com","password":"123456"} 
2021-12-11 15:45:51  POST /api/user/login 200 57.416 ms - 789 Body {"email":"noguizeweb@gmail.com","password":"123456"} 
2021-12-11 15:46:15  POST /api/user/login 200 57.348 ms - 789 Body {"email":"noguizeweb@gmail.com","password":"123456"} 
2021-12-11 15:47:8  POST /api/user/login 200 57.661 ms - 789 Body {"email":"noguizeweb@gmail.com","password":"123456"} 
2021-12-11 15:57:5  POST /api/user/login 200 56.103 ms - 789 Body {"email":"noguizeweb@gmail.com","password":"123456"} 
2021-12-11 15:58:30  POST /api/user/login 200 123.633 ms - 789 Body {"email":"noguizeweb@gmail.com","password":"123456"} 
2021-12-11 15:58:59  POST /api/user/login 200 116.851 ms - 789 Body {"email":"noguizeweb@gmail.com","password":"123456"} 
2021-12-11 15:59:31  POST /api/user/login 200 55.931 ms - 789 Body {"email":"noguizeweb@gmail.com","password":"123456"} 
2021-12-11 15:59:51  POST /api/user/login 200 57.587 ms - 789 Body {"email":"noguizeweb@gmail.com","password":"123456"} 
2021-12-11 16:0:55  POST /api/user/login 200 57.414 ms - 789 Body {"email":"noguizeweb@gmail.com","password":"123456"} 
2021-12-11 16:1:27  POST /api/user/login 200 55.532 ms - 789 Body {"email":"noguizeweb@gmail.com","password":"123456"} 
2021-12-11 16:4:11  POST /api/user/login 200 38.724 ms - 12 Body {"inscription":{"email":"noguizeweb@gmail.com","password":"123456"}} 
2021-12-11 16:4:30  POST /api/user/login 200 1.604 ms - 12 Body {"inscription":{"email":"noguizeweb@gmail.com","password":"123456"}} 
2021-12-11 16:4:39  POST /api/user/login 200 1.302 ms - 12 Body {"inscription":{"email":"noguizeweb@gmail.com","password":"123456"}} 
2021-12-11 16:5:3  POST /api/user/login 200 1.804 ms - 12 Body {"inscription":{"email":"noguizeweb@gmail.com","password":"123456"}} 
2021-12-11 16:5:32  POST /api/user/login 200 3.683 ms - 12 Body {"inscription":{"email":"noguizeweb@gmail.com","password":"123456"}} 
2021-12-11 16:6:20  POST /api/user/login 200 56.297 ms - 789 Body {"email":"noguizeweb@gmail.com","password":"123456"} 
2021-12-11 16:28:45  POST /api/user/login 200 60.718 ms - 789 Body {"email":"noguizeweb@gmail.com","password":"123456"} 
2021-12-11 21:5:1  POST /api/user/login 200 63.305 ms - 789 Body {"email":"noguizeweb@gmail.com","password":"123456"} 
2021-12-11 21:5:49  POST /api/user/login 200 56.881 ms - 789 Body {"email":"noguizeweb@gmail.com","password":"123456"} 
2021-12-11 21:8:46  POST /api/user/login 200 57.021 ms - 789 Body {"email":"noguizeweb@gmail.com","password":"123456"} 
2021-12-11 21:9:22  POST /api/user/login 200 59.098 ms - 789 Body {"email":"noguizeweb@gmail.com","password":"123456"} 
2021-12-11 21:14:46  POST /api/user/login 200 56.761 ms - 789 Body {"email":"noguizeweb@gmail.com","password":"123456"} 
2021-12-11 21:14:56  POST /api/user/login 200 55.740 ms - 789 Body {"email":"noguizeweb@gmail.com","password":"123456"} 
2021-12-11 21:15:37  POST /api/user/login 200 60.269 ms - 789 Body {"email":"noguizeweb@gmail.com","password":"123456"} 
2021-12-11 21:16:23  POST /api/user/login 200 56.761 ms - 789 Body {"email":"noguizeweb@gmail.com","password":"123456"} 
2021-12-11 21:16:39  POST /api/user/login 200 56.970 ms - 789 Body {"email":"noguizeweb@gmail.com","password":"123456"} 
2021-12-11 21:20:25  POST /api/user/login 200 55.592 ms - 789 Body {"email":"noguizeweb@gmail.com","password":"123456"} 
2021-12-11 21:34:38  POST /api/user/login 200 56.871 ms - 789 Body {"email":"noguizeweb@gmail.com","password":"123456"} 
2021-12-11 21:34:46  POST /api/user/login 200 55.729 ms - 789 Body {"email":"noguizeweb@gmail.com","password":"123456"} 
2021-12-11 21:56:29  POST /api/user/login 200 56.824 ms - 789 Body {"email":"noguizeweb@gmail.com","password":"123456"} 
2021-12-11 21:58:11  POST /api/user/login 200 57.779 ms - 789 Body {"email":"noguizeweb@gmail.com","password":"123456"} 
2021-12-11 22:1:28  POST /api/user/login 200 56.413 ms - 789 Body {"email":"noguizeweb@gmail.com","password":"123456"} 
2021-12-11 22:2:37  POST /api/user/login 200 55.861 ms - 789 Body {"email":"noguizeweb@gmail.com","password":"123456"} 
2021-12-11 22:12:57  POST /api/user/login 200 55.683 ms - 789 Body {"email":"noguizeweb@gmail.com","password":"123456"} 
2021-12-12 13:5:56  POST /api/user/login 200 88.214 ms - 789 Body {"email":"noguizeweb@gmail.com","password":"123456"} 
2021-12-12 13:15:21  POST /api/user/login 200 97.969 ms - 789 Body {"email":"noguizeweb@gmail.com","password":"123456"} 
2021-12-12 16:52:37  POST /apiregister 404 6.405 ms - 151 Body {"nom":"","prenom":""} 
2021-12-12 17:11:18  POST /api/user/login 200 67.653 ms - 789 Body {"email":"noguizeweb@gmail.com","password":"123456"} 
2021-12-12 17:26:59  POST /apiregister 404 3.463 ms - 151 Body {"nom":"noguizeweb@gmail.com","prenom":"123456"} 
2021-12-12 17:27:22  POST /api/register 404 0.258 ms - 152 Body {"nom":"noguizeweb@gmail.com","prenom":"123456"} 
2021-12-12 17:31:44  POST /api/user 200 152.566 ms - 496 Body {"nom":"sd","prenom":"sdds","email":"noguizeweb@gmail.com","password":"$2b$10$H7H7V9wo9YoWmMimL1Moz..BuKQoJxydmqf5DQM6lHwQ5VOCVeRAO","id":3} 
2021-12-12 17:31:44  POST /api/user - - ms - - Body {"nom":"noguizeweb@gmail.com","prenom":"123456"} 
2021-12-12 17:32:2  POST /api/user 200 139.995 ms - 496 Body {"nom":"sdsd","prenom":"ds","email":"noguizeweb@gmail.com","password":"$2b$10$63cxIKIepSE1a23i/X.yKuqhW1kIoK3fLDewc80M3MLvI2t7.7GEW","id":4} 
2021-12-12 17:33:3  POST /api/user 200 146.182 ms - 482 Body {"nom":"","prenom":"","email":"noguizeweb@gmail.com","password":"$2b$10$569gBgtawsCKK81ff8aeM.6Z5r.djDB.FDAwIC24byb7hRh4LJXGm","id":5} 
2021-12-12 17:34:52  POST /api/user 200 135.417 ms - 482 Body {"nom":"","prenom":"","email":"noguizeweb@gmail.com","password":"$2b$10$ykPwu.NMB3PpZitreYY03u7FDNd7yQ5.aJQl507XugTVNEtA.rhym","id":6} 
2021-12-12 17:36:37  POST /api/user 200 71.548 ms - 433 Body {"email":"noguizeweb@gmail.com","password":"$2b$10$3JvB01KSA0ajdiKztuQJFeySjBXyu2R9zlLzPWu5Czhe5TzTJXMxq","id":7} 
2021-12-12 17:37:51  POST /api/user 200 131.543 ms - 506 Body {"nom":"Serre","prenom":"Nolan","email":"noguizeweb@gmail.com","password":"$2b$10$TqbDRHyduiq1nIPK3Or1GuC7sTxWrVi7hdfH5s4yqi5VPiupNqckK","id":8} 
2021-12-12 17:42:6  POST /api/user 200 132.013 ms - 482 Body {"nom":"","prenom":"","email":"noguizeweb@gmail.com","password":"$2b$10$7s16tmBlFa7mUEZuZUIaPu6Sh8hwByfr.s1LZO30jVRmhMd46S1VS","id":9} 
2021-12-12 17:42:36  POST /api/user 200 119.978 ms - 438 Body {"nom":"","prenom":"","email":"","password":"$2b$10$LiFMty7NF0qxAP6vLkqSYeupQ/WypzhcQpjKNbmPySIZJKCVLQ4UW","id":10} 
2021-12-14 16:10:16  POST /api/user/login 200 66.747 ms - 789 Body {"email":"noguizeweb@gmail.com","password":"123456"} 
2021-12-14 16:12:14  POST /api/user/login 200 58.076 ms - 789 Body {"email":"noguizeweb@gmail.com","password":"123456"} 
2021-12-14 16:12:52  POST /api/user/login 200 1.702 ms - 12 Body {"email":"","password":""} 
2021-12-14 16:19:50  POST /api/user/login 200 1.513 ms - 12 Body {"email":"","password":""} 
2021-12-14 16:19:50  POST /api/user/login 200 1.638 ms - 12 Body {"email":"","password":""} 
2021-12-14 16:19:51  POST /api/user/login 200 1.445 ms - 12 Body {"email":"","password":""} 
2021-12-14 16:19:52  POST /api/user/login 200 1.529 ms - 12 Body {"email":"","password":""} 
2021-12-14 16:21:43  POST /api/user/login 200 66.009 ms - 789 Body {"email":"noguizeweb@gmail.com","password":"123456"} 
2021-12-17 9:11:56  POST /api/user 200 99.766 ms - 501 Body {"nom":"test","prenom":"Test","email":"noguizeweb@gmail.com","password":"$2b$10$KisaiCvdLW8.X/S5bQlrGuIJ/9.cf4OGAZYxV3DwiPSWMtcAEc6Yq","id":5} 
2021-12-17 9:13:12  POST /api/user/login 200 84.141 ms - 789 Body {"email":"noguizeweb@gmail.com","password":"123456"} 
2021-12-17 9:14:51  POST /api/user/login 200 70.007 ms - 789 Body {"email":"noguizeweb@gmail.com","password":"123456"} 
2021-12-17 9:15:28  POST /api/user/login 200 86.483 ms - 789 Body {"email":"noguizeweb@gmail.com","password":"123456"} 
2021-12-17 9:15:38  POST /api/user 200 121.338 ms - 482 Body {"nom":"","prenom":"","email":"noguizeweb@gmail.com","password":"$2b$10$AtvIaqnLzJ2/KzMh0gfFh.Senqv0sLc67MdDkAuvmImmrQ2QXBeqq","id":6} 
2021-12-17 9:16:1  POST /api/user 200 126.363 ms - 436 Body {"nom":"","prenom":"","email":"","password":"$2b$10$sFz/Nln8XooAFcigpy9qe.sSbnCDDZLqmxiSmi9rB5XXxSmlXA04u","id":7} 
2021-12-17 9:16:14  POST /api/user/login 200 76.507 ms - 602 Body {"email":"","password":""} 
2021-12-17 9:17:30  POST /api/user/login 200 70.098 ms - 789 Body {"email":"noguizeweb@gmail.com","password":"123456"} 
2021-12-17 9:17:35  POST /api/user/login 200 69.865 ms - 12 Body {"email":"noguizeweb@gmail.com","password":""} 
2021-12-17 9:27:47  POST /api/user/login 200 2.678 ms - 12 Body {"email":"","password":"123456"} 
2021-12-17 10:35:5  POST /api/user/login 200 2.759 ms - 12 Body {"email":"fvgfvfgv","password":"fvfggfv"} 
2021-12-17 11:51:15  POST /api/user 200 59.801 ms - 506 Body {"nom":"fdefre","prenom":"test","email":"noguizeweb@gmail.com","password":"$2b$10$WynK6RPwnGDIPjW0LEuTGelYLSzfm9P9WvmBbwALg73Z9B9rA3IVq","id":8} 
2021-12-17 11:51:28  POST /api/user 200 59.031 ms - 517 Body {"nom":"rreferfrfefr","prenom":"rfe","email":"noguizeweb@gmail.com","password":"$2b$10$RCgWQv/eRFU1gX4X2ogbZuyOQMHFo3sLsNbzEhPq91kjFaWoeF9Qi","id":9} 
2021-12-17 11:52:13  POST /api/user 200 97.753 ms - 501 Body {"nom":"d","prenom":"dddddd","email":"noguizeweb@gmail.com","password":"$2b$10$XQ6OKP4EExpkYLv9i7JaleVPkWzV5ehw9xO7TGO5IOfuFvWwoO/r.","id":10} 
2021-12-18 11:34:9  POST /api/user/login 200 80.451 ms - 789 Body {"email":"noguizeweb@gmail.com","password":"123456"} 
2022-02-09 10:27:27  GET /api/users 200 52.997 ms - 1091 Body {} 
2022-02-09 10:27:47  POST /api/user 200 79.558 ms - 711 Body {"nom":"45452","prenom":"542","email":"test@test.fr","telephone":"0101010110","adresse":"10","ville":"10","codePostal":"10","pays":"10","password":"$2b$10$oIO4tBTr58MsAjdfFFw8QuSe1DFich04EENh/pgCLhMwS2cMWNSli","id":11,"role":"user"} 
2022-02-09 10:27:47  GET /api/users 200 3.552 ms - 1324 Body {} 
2022-02-09 10:33:58  GET /api/users 200 2.405 ms - 1091 Body {} 
2022-02-09 10:36:55  GET /api/users 304 2.116 ms - - Body {} 
2022-02-09 10:37:22  GET /api/users 304 2.790 ms - - Body {} 
2022-02-09 10:38:13  GET /api/users 304 1.775 ms - - Body {} 
2022-02-09 10:38:16  GET /api/users 304 2.076 ms - - Body {} 
2022-02-09 10:40:12  GET /api/users 304 2.344 ms - - Body {} 
2022-02-09 10:42:26  GET /api/users 304 1.909 ms - - Body {} 
2022-02-09 10:42:36  GET /api/users 304 1.294 ms - - Body {} 
2022-02-09 10:42:55  GET /api/users 304 1.665 ms - - Body {} 
2022-02-09 10:43:12  GET /api/users 304 1.944 ms - - Body {} 
2022-02-09 10:43:15  GET /api/users 304 1.550 ms - - Body {} 
2022-02-09 10:43:21  GET /api/users 304 2.589 ms - - Body {} 
2022-02-09 10:43:49  GET /api/users 304 1.858 ms - - Body {} 
2022-02-09 10:44:22  POST /api/user 200 64.135 ms - 713 Body {"nom":"11111","prenom":"11111","email":"test@gmail.com","telephone":"0101010101","adresse":"1","ville":"1","codePostal":"1","pays":"1","password":"$2b$10$C4gK7ZYc78b5dFpdLafBQexah.WphN5r44zmHuZgfnl1r2ZEwy.t.","role":"ADMIN","id":12} 
2022-02-09 10:44:22  GET /api/users 200 2.796 ms - 1325 Body {} 
2022-02-09 10:45:58  GET /api/users 304 1.875 ms - - Body {} 
2022-02-09 10:46:13  GET /api/users 200 2.145 ms - 1091 Body {} 
2022-02-09 10:46:47  POST /api/user 200 66.509 ms - 706 Body {"nom":"455454","prenom":"544","email":"test@test.fr","telephone":"0101010101","adresse":"4","ville":"4","codePostal":"4","pays":"4","password":"$2b$10$7fl1fUVX7zPPDybBKosh9.GAHkSTfoub0FT4XBl/JQazv4J6FXxea","role":"admin","id":13} 
2022-02-09 10:46:47  GET /api/users 200 4.407 ms - 1322 Body {} 
2022-02-09 10:48:13  GET /api/users 304 1.802 ms - - Body {} 
2022-02-09 10:49:1  GET /api/users 304 2.360 ms - - Body {} 
2022-02-09 10:49:33  POST /api/user 200 73.964 ms - 718 Body {"nom":"12121","prenom":"112","email":"test@test.fr","telephone":"0101010101","adresse":"1","ville":"1","codePostal":"1","pays":"1","password":"$2b$10$RDcJISIEVBli8z5J7kyfle5W1z3jHRuA1c5QrLxqGwCK.r9edsj7O","role":"super-admin","id":14} 
2022-02-09 10:49:33  GET /api/users 200 1.799 ms - 1558 Body {} 
2022-02-09 10:50:5  GET /api/users 304 1.835 ms - - Body {} 
2022-02-09 10:51:1  GET /api/users 304 1.616 ms - - Body {} 
2022-02-09 10:51:33  GET /api/users 304 2.523 ms - - Body {} 
2022-02-09 10:54:20  GET /api/users 304 1.838 ms - - Body {} 
2022-02-09 10:54:25  GET /api/users 304 2.189 ms - - Body {} 
2022-02-09 10:54:47  GET /api/users 304 2.950 ms - - Body {} 
2022-02-09 10:55:7  GET /api/users 304 1.983 ms - - Body {} 
2022-02-09 10:56:9  GET /api/users 304 2.494 ms - - Body {} 
2022-02-09 10:56:18  GET /api/users 304 3.701 ms - - Body {} 
2022-02-09 10:56:23  GET /api/users 304 1.839 ms - - Body {} 
2022-02-09 10:57:48  GET /api/users 304 3.995 ms - - Body {} 
2022-02-09 10:58:23  GET /api/users 304 1.393 ms - - Body {} 
2022-02-09 10:58:39  GET /api/users 304 1.409 ms - - Body {} 
2022-02-09 10:58:46  GET /api/users 304 1.883 ms - - Body {} 
2022-02-09 10:59:52  GET /api/users 304 2.655 ms - - Body {} 
2022-02-09 10:59:54  GET /api/users 304 1.474 ms - - Body {} 
2022-02-09 11:1:43  GET /api/users 304 1.512 ms - - Body {} 
2022-02-09 11:3:20  GET /api/users 304 1.815 ms - - Body {} 
2022-02-09 11:3:21  GET /api/users 304 1.306 ms - - Body {} 
2022-02-09 11:3:21  GET /api/users 304 1.705 ms - - Body {} 
2022-02-09 11:4:48  GET /api/users 304 1.469 ms - - Body {} 
2022-02-09 11:14:18  GET /api/users - - ms - - Body {} 
2022-02-09 11:14:20  GET /api/users - - ms - - Body {} 
2022-02-11 14:36:15  POST /api/user/login-admin 200 8.420 ms - 12 Body {"email":"nolan","password":"TAhnEwmGkV8KBng"} 
2022-02-11 14:36:21  POST /api/user/login-admin 200 1.901 ms - 12 Body {"email":"nolan","password":"123456"} 
2022-02-11 14:37:9  POST /api/user/login-admin 200 82.557 ms - 12 Body {"email":"noguizeweb@gmail.com","password":"123456"} 
2022-02-11 14:37:12  POST /api/user/login-admin 200 56.032 ms - 12 Body {"email":"noguizeweb@gmail.com","password":"123456"} 
2022-02-11 14:37:15  POST /api/user/login-admin 200 56.144 ms - 12 Body {"email":"noguizeweb@gmail.com","password":"123456"} 
2022-02-11 14:37:31  POST /api/user/login-admin 200 57.233 ms - 12 Body {"email":"noguizeweb@gmail.com","password":"123456"} 
2022-02-11 14:39:0  POST /api/user/login-admin 200 66.164 ms - 773 Body {"email":"noguizeweb@gmail.com","password":"123456"} 
2022-02-11 14:39:2  GET /api/users 200 8.388 ms - 1523 Body {} 
2022-02-11 14:39:23  DELETE /api/user/14 200 19.069 ms - 12 Body {} 
2022-02-11 14:39:23  GET /api/users 200 2.517 ms - 1294 Body {} 
2022-02-11 14:39:24  DELETE /api/user/13 200 6.931 ms - 12 Body {} 
2022-02-11 14:39:24  GET /api/users 200 1.585 ms - 1064 Body {} 
2022-02-11 14:44:1  GET /api/users 200 6.114 ms - 1064 Body {} 
2022-02-11 14:44:6  GET /api/users 200 1.880 ms - 1064 Body {} 
2022-02-11 14:44:28  POST /api/user/login-admin 200 61.815 ms - 12 Body {"email":"nirator.game@gmail.com","password":"123456"} 
2022-02-11 14:44:57  POST /api/user/login-admin 200 64.988 ms - 12 Body {"email":"nirator.game@gmail.com","password":"123456"} 
2022-02-11 14:45:9  POST /api/user/login-admin 200 2.172 ms - 12 Body {"email":"game@gmail.com","password":"123456"} 
2022-02-11 14:46:1  POST /api/user/login-admin 200 58.148 ms - 12 Body {"email":"nirator.game@gmail.com","password":"123456"} 
2022-02-11 14:46:5  POST /api/user/login-admin 200 1.608 ms - 12 Body {"email":"game@gmail.com","password":"123456"} 
2022-02-11 14:46:39  POST /api/user/login-admin 200 57.204 ms - 12 Body {"email":"nirator.game@gmail.com","password":"123456"} 
2022-02-11 14:46:51  POST /api/user/login-admin 200 57.650 ms - 12 Body {"email":"nirator.game@gmail.com","password":"12345655"} 
2022-02-11 14:47:55  POST /api/user/login-admin 200 58.005 ms - 12 Body {"email":"nirator.game@gmail.com","password":"123456"} 
2022-02-11 14:47:58  POST /api/user/login-admin 200 56.629 ms - 12 Body {"email":"nirator.game@gmail.com","password":"123456"} 
2022-02-11 14:47:58  POST /api/user/login-admin 200 57.969 ms - 12 Body {"email":"nirator.game@gmail.com","password":"123456"} 
2022-02-11 14:47:59  POST /api/user/login-admin 200 59.773 ms - 12 Body {"email":"nirator.game@gmail.com","password":"123456"} 
2022-02-11 14:48:3  POST /api/user/login-admin 200 2.187 ms - 12 Body {"email":"game@gmail.com","password":"123456"} 
2022-02-11 14:48:54  POST /api/user/login-admin 200 57.742 ms - 12 Body {"email":"nirator.game@gmail.com","password":"123456"} 
2022-02-11 14:48:55  POST /api/user/login-admin 200 57.559 ms - 12 Body {"email":"nirator.game@gmail.com","password":"123456"} 
2022-02-11 14:49:7  POST /api/user/login-admin 200 57.101 ms - 12 Body {"email":"nirator.game@gmail.com","password":"123456"} 
2022-02-11 14:49:11  POST /api/user/login-admin 200 1.288 ms - 12 Body {"email":"game@gmail.com","password":"123456"} 
2022-02-11 14:49:14  POST /api/user/login-admin 200 2.245 ms - 12 Body {"email":"game@gmail.com","password":"123456"} 
2022-02-11 15:0:47  POST /api/user/login-admin 200 57.710 ms - 773 Body {"email":"noguizeweb@gmail.com","password":"123456"} 
2022-02-11 15:0:52  GET /api/password-keys 200 3.102 ms - 22 Body {} 
2022-02-11 15:0:54  GET /api/password-keys 200 1.286 ms - 22 Body {} 
2022-02-11 15:0:55  GET /api/password-keys 200 1.214 ms - 22 Body {} 
2022-02-11 15:0:58  GET /api/users 200 2.655 ms - 1064 Body {} 
2022-02-11 15:2:18  GET /api/users 200 1.436 ms - 1064 Body {} 
2022-02-11 15:2:21  GET /api/users 200 2.380 ms - 1064 Body {} 
2022-02-11 15:2:46  GET /api/users 200 1.309 ms - 1064 Body {} 
2022-02-11 15:4:13  GET /api/users 200 1.708 ms - 1064 Body {} 
2022-02-11 15:4:29  GET /api/users 200 2.143 ms - 1064 Body {} 
2022-02-11 15:5:41  GET /api/users 200 1.665 ms - 1064 Body {} 
2022-02-11 15:6:0  GET /api/users 200 1.342 ms - 1064 Body {} 
2022-02-11 15:6:17  GET /api/users 200 1.412 ms - 1064 Body {} 
2022-02-11 15:6:25  GET /api/users 200 1.879 ms - 1064 Body {} 
2022-02-11 15:7:59  GET /api/users 200 2.449 ms - 1064 Body {} 
2022-02-11 15:9:14  GET /api/users 200 1.648 ms - 1064 Body {} 
2022-02-11 15:10:17  GET /api/users 200 1.783 ms - 1064 Body {} 
2022-02-11 15:11:7  GET /api/users 200 2.507 ms - 1064 Body {} 
2022-02-11 15:13:48  GET /api/users 200 2.078 ms - 1064 Body {} 
2022-02-11 15:14:23  POST /api/user 200 85.703 ms - 730 Body {"nom":"ezfre","prenom":"ferf","email":"ooooo@gmail.com","telephone":"0101010101","adresse":"rfe","ville":"ferf","codePostal":"ef","pays":"ref","password":"$2b$10$mkPEWms2lK52s.tT/welF.ZZq66y1N63UY9wNOwV0M2K9xgm4.KJG","role":"user","id":15} 
2022-02-11 15:14:23  GET /api/users 200 2.713 ms - 1305 Body {} 
2022-02-11 15:14:58  GET /api/users 200 2.139 ms - 1305 Body {} 
2022-02-11 15:15:9  PUT /api/user/undefined 404 3.594 ms - 157 Body {"nom":"ezfre","prenom":"e","email":"nirator.game@gmail.com","telephone":"0101010101","adresse":"e","ville":"e","codePostal":"e","pays":"e","password":"123456","role":"admin"} 
2022-02-11 15:15:41  GET /api/users 200 1.353 ms - 1305 Body {} 
2022-02-11 15:15:43  GET /api/users 200 2.221 ms - 1305 Body {} 
2022-02-11 15:16:49  GET /api/users 200 2.718 ms - 1305 Body {} 
2022-02-11 15:16:51  GET /api/users 200 1.852 ms - 1305 Body {} 
2022-02-11 15:17:7  PUT /api/user/undefined 404 0.712 ms - 157 Body {"nom":"ezfre","prenom":"56","email":"noguizeweb@gmail.com","telephone":"0101010101","adresse":"65","ville":"65","codePostal":"56","pays":"65","password":"123456","role":"user"} 
2022-02-11 15:19:1  GET /api/users 200 1.873 ms - 1305 Body {} 
2022-02-11 15:19:17  PUT /api/user/undefined 404 0.186 ms - 157 Body {"nom":"ezfre","prenom":"544","email":"nirator.game@gmail.com","telephone":"0101011011","adresse":"54","ville":"4","codePostal":"54","pays":"45","password":"123456","role":"user","id":15} 
2022-02-11 15:19:44  GET /api/users 200 2.459 ms - 1305 Body {} 
2022-02-11 15:20:1  PUT /api/user/15 404 0.166 ms - 150 Body {"nom":"ezfre","prenom":"45","email":"noguizeweb@gmail.com","telephone":"0101010101","adresse":"65","ville":"56","codePostal":"65","pays":"6","password":"123456","role":"user","id":15} 
2022-02-11 15:21:28  GET /api/users 200 34.051 ms - 1305 Body {} 
2022-02-11 15:21:43  PUT /api/user/15 200 19.724 ms - 204 Body {"nom":"ezfre","prenom":"1","email":"noguizeweb@gmail.com","telephone":"0101010101","adresse":"21","ville":"12","codePostal":"12","pays":"12","password":"123456","role":"user","id":15} 
2022-02-11 15:21:43  GET /api/users 200 2.961 ms - 1249 Body {} 
2022-02-11 15:21:53  DELETE /api/user/15 200 66.233 ms - 12 Body {} 
2022-02-11 15:21:53  GET /api/users 200 1.799 ms - 1064 Body {} 
2022-02-11 15:21:57  DELETE /api/user/1 200 10.887 ms - 12 Body {} 
2022-02-11 15:21:57  GET /api/users 200 2.668 ms - 802 Body {} 
2022-02-11 15:21:58  DELETE /api/user/3 200 75.106 ms - 12 Body {} 
2022-02-11 15:21:58  GET /api/users 200 1.762 ms - 545 Body {} 
2022-02-11 15:21:58  DELETE /api/user/4 200 66.772 ms - 12 Body {} 
2022-02-11 15:21:58  GET /api/users 200 27.633 ms - 285 Body {} 
2022-02-11 15:21:59  DELETE /api/user/2 200 64.706 ms - 12 Body {} 
2022-02-11 15:21:59  GET /api/users 200 2.360 ms - 22 Body {} 
2022-02-11 15:22:1  GET /api/users 200 2.563 ms - 22 Body {} 
2022-02-11 15:22:3  GET /api/users 200 1.416 ms - 22 Body {} 
2022-02-11 15:22:8  GET /api/users 200 1.181 ms - 22 Body {} 
2022-02-11 15:22:9  GET /api/password-keys 200 10.810 ms - 22 Body {} 
2022-02-11 15:22:10  GET /api/users 200 1.312 ms - 22 Body {} 
2022-02-11 15:23:17  GET /api/users 200 2.470 ms - 22 Body {} 
2022-02-11 15:23:42  POST /api/user 200 68.691 ms - 814 Body {"nom":"SERRE","prenom":"Nolan","email":"noguizeweb@gmail.com","telephone":"0783514989","adresse":"Rue de la paix","ville":"Versailles","codePostal":"78000","pays":"France","password":"$2b$10$A4uRT.Yrosr3OGLORbO6wOpXGmF3/jX.1TMZSExLKaOzFlAI44uim","role":"super-admin","id":16} 
2022-02-11 15:23:42  GET /api/users 200 1.661 ms - 298 Body {} 
2022-02-11 15:23:44  GET /api/users 200 2.044 ms - 298 Body {} 
2022-02-11 15:25:23  GET /api/users 200 1.808 ms - 298 Body {} 
2022-02-11 15:25:24  GET /api/users 200 1.331 ms - 298 Body {} 
2022-02-11 15:28:0  GET /api/users 200 2.158 ms - 1091 Body {} 
2022-02-11 15:28:2  GET /api/users 200 1.722 ms - 1091 Body {} 
2022-02-11 15:30:16  GET /api/users 200 47.021 ms - 1091 Body {} 
2022-02-11 15:30:32  GET /api/users 200 5.305 ms - 1091 Body {} 
2022-02-11 15:31:13  GET /api/users 200 2.086 ms - 1091 Body {} 
2022-02-11 15:31:36  GET /api/users 200 2.961 ms - 1091 Body {} 
2022-02-11 15:31:56  GET /api/users 200 1.563 ms - 1091 Body {} 
2022-02-11 15:32:18  GET /api/users 200 2.244 ms - 1091 Body {} 
2022-02-11 15:32:34  GET /api/users 200 1.386 ms - 1091 Body {} 
2022-02-11 15:32:43  GET /api/users 200 1.725 ms - 1091 Body {} 
2022-02-11 15:33:48  GET /api/users 200 3.122 ms - 1091 Body {} 
2022-02-11 15:34:52  GET /api/users 200 1.437 ms - 1091 Body {} 
2022-02-11 15:35:39  GET /api/users 200 2.038 ms - 1091 Body {} 
2022-02-11 15:36:27  GET /api/users 200 2.496 ms - 1091 Body {} 
2022-02-11 15:36:33  GET /api/users 200 3.395 ms - 1091 Body {} 
2022-02-11 15:36:43  GET /api/users 200 1.413 ms - 1091 Body {} 
2022-02-11 15:37:6  GET /api/users 200 2.370 ms - 1091 Body {} 
2022-02-11 15:37:34  GET /api/users 200 1.379 ms - 1091 Body {} 
2022-02-11 15:39:7  GET /api/users 200 1.935 ms - 1091 Body {} 
2022-02-11 15:39:16  GET /api/users 200 1.713 ms - 1091 Body {} 
2022-02-11 15:39:48  GET /api/users 200 1.386 ms - 1091 Body {} 
2022-02-11 15:40:13  GET /api/users 200 3.341 ms - 1095 Body {} 
2022-02-11 15:40:38  GET /api/users 200 2.596 ms - 1099 Body {} 
2022-02-11 15:40:49  GET /api/users 200 2.000 ms - 1099 Body {} 
2022-02-11 15:40:51  PUT /api/user/4 200 2.464 ms - 214 Body {"nom":"Brisson","prenom":"Charlotte","email":"charlotte@gmail.com","telephone":"0173140531","adresse":"Rue ici","ville":"Paris","codePostal":"75000","pays":"France","role":"super-admin","id":4} 
2022-02-11 15:40:51  GET /api/users 200 1.375 ms - 1099 Body {} 
2022-02-11 15:43:9  GET /api/users 200 2.270 ms - 1099 Body {} 
2022-02-11 15:44:40  GET /api/users 200 7.800 ms - 1099 Body {} 
2022-02-11 16:7:22  GET /api/users 200 10.865 ms - 1099 Body {} 
2022-02-11 16:7:37  PUT /api/user/2 200 21.985 ms - 211 Body {"nom":"Serre","prenom":"Nolan","email":"noguizeweb@gmail.com","telephone":"0120202020","adresse":"80 rue ici","ville":"Versailles","codePostal":"78000","pays":"France","role":"admin","id":2} 
2022-02-11 16:7:38  GET /api/users 200 3.050 ms - 1093 Body {} 
2022-02-11 16:7:44  POST /api/user/login-admin 200 58.082 ms - 777 Body {"email":"noguizeweb@gmail.com","password":"123456"} 
2022-02-11 16:7:46  GET /api/users 200 1.902 ms - 1093 Body {} 
2022-02-11 16:9:43  GET /api/users 200 1.763 ms - 1093 Body {} 
2022-02-11 16:11:52  GET /api/users 200 1.855 ms - 1093 Body {} 
2022-02-11 16:11:55  GET /api/users 200 1.754 ms - 1093 Body {} 
2022-02-11 16:12:18  POST /api/user/login-admin 200 56.213 ms - 789 Body {"email":"nirator.game@gmail.com","password":"123456"} 
2022-02-11 16:12:21  GET /api/users 200 2.624 ms - 1093 Body {} 
2022-02-11 16:12:42  GET /api/users 200 1.760 ms - 1093 Body {} 
2022-02-11 16:12:52  POST /api/user/login-admin 200 56.138 ms - 777 Body {"email":"noguizeweb@gmail.com","password":"123456"} 
2022-02-11 16:12:54  GET /api/users 200 2.433 ms - 1093 Body {} 
2022-02-11 16:13:11  GET /api/users 200 2.935 ms - 1093 Body {} 
2022-02-11 16:13:14  GET /api/users 200 1.909 ms - 1093 Body {} 
2022-02-11 16:13:41  POST /api/user/login-admin 200 56.568 ms - 777 Body {"email":"noguizeweb@gmail.com","password":"123456"} 
2022-02-11 16:13:43  GET /api/users 200 1.359 ms - 1093 Body {} 
2022-02-11 16:13:55  GET /api/users 200 2.712 ms - 1093 Body {} 
2022-02-11 16:14:15  GET /api/users 200 1.631 ms - 1093 Body {} 
2022-02-11 16:15:18  GET /api/users 200 17.882 ms - 1093 Body {} 
2022-02-11 16:16:1  POST /api/user/login-admin 200 57.572 ms - 789 Body {"email":"nirator.game@gmail.com","password":"123456"} 
2022-02-11 16:16:3  GET /api/password-keys 200 3.221 ms - 22 Body {} 
2022-02-11 16:16:5  GET /api/users 200 1.851 ms - 1093 Body {} 
2022-02-11 16:16:23  GET /api/users 200 2.827 ms - 1093 Body {} 
2022-02-11 16:16:41  GET /api/users 200 2.096 ms - 1093 Body {} 
2022-02-11 16:16:46  GET /api/users 200 2.064 ms - 1093 Body {} 
2022-02-11 16:24:57  PUT /api/user/2 200 19.514 ms - 217 Body {"nom":"Serre","prenom":"Nolan","email":"noguizeweb@gmail.com","telephone":"0120202020","adresse":"80 rue ici","ville":"Versailles","codePostal":"78000","pays":"France","role":"super-admin","id":2} 
2022-02-11 16:24:57  GET /api/users 200 3.234 ms - 1099 Body {} 
2022-02-11 16:24:59  GET /api/users 200 1.601 ms - 1099 Body {} 
2022-02-11 16:27:4  POST /api/user/login-admin 200 56.950 ms - 791 Body {"email":"noguizeweb@gmail.com","password":"123456"} 
2022-02-11 16:27:7  GET /api/users 200 2.077 ms - 1099 Body {} 
2022-02-11 16:27:12  PUT /api/user/1 200 24.479 ms - 209 Body {"nom":"Duval","prenom":"Clement","email":"nirator.game@gmail.com","telephone":"0120202020","adresse":"5 rue ici","ville":"St Cyr","codePostal":"78210","pays":"France","role":"user","id":1} 
2022-02-11 16:27:12  GET /api/users 200 2.326 ms - 1092 Body {} 
2022-02-11 16:27:16  POST /api/user/login-admin 200 56.100 ms - 12 Body {"email":"nirator.game@gmail.com","password":"123456"} 
2022-02-11 16:27:27  POST /api/user/login-admin 200 58.441 ms - 791 Body {"email":"noguizeweb@gmail.com","password":"123456"} 
2022-02-11 16:27:33  POST /api/user/login-admin 200 56.221 ms - 12 Body {"email":"nirator.game@gmail.com","password":"123456"} 
2022-02-11 16:27:37  POST /api/user/login-admin 200 1.315 ms - 12 Body {"email":"game@gmail.com","password":"123456"} 
2022-02-11 16:27:43  POST /api/user/login-admin 200 2.050 ms - 12 Body {"email":"game@gmail.com","password":"123456"} 
2022-02-11 16:27:56  POST /api/user/login-admin 200 1.349 ms - 12 Body {"email":"game@gmail.com","password":"123456"} 
2022-02-11 16:27:57  POST /api/user/login-admin 200 1.302 ms - 12 Body {"email":"game@gmail.com","password":"123456"} 
2022-02-11 16:27:57  POST /api/user/login-admin 200 1.302 ms - 12 Body {"email":"game@gmail.com","password":"123456"} 
2022-02-11 16:27:57  POST /api/user/login-admin 200 1.262 ms - 12 Body {"email":"game@gmail.com","password":"123456"} 
2022-02-11 16:27:57  POST /api/user/login-admin 200 1.230 ms - 12 Body {"email":"game@gmail.com","password":"123456"} 
2022-02-11 16:28:4  POST /api/user/login-admin 200 1.365 ms - 12 Body {"email":"niratorgame@gmail.com","password":"123456"} 
2022-02-11 16:28:6  POST /api/user/login-admin 200 57.192 ms - 12 Body {"email":"nirator.game@gmail.com","password":"123456"} 
2022-02-11 16:28:44  POST /api/user/login-admin 200 59.089 ms - 12 Body {"email":"nirator.game@gmail.com","password":"123456"} 
2022-02-11 16:28:45  POST /api/user/login-admin 200 58.810 ms - 12 Body {"email":"nirator.game@gmail.com","password":"123456"} 
2022-02-11 16:28:46  POST /api/user/login-admin 200 59.277 ms - 12 Body {"email":"nirator.game@gmail.com","password":"123456"} 
2022-02-11 16:28:46  POST /api/user/login-admin 200 59.137 ms - 12 Body {"email":"nirator.game@gmail.com","password":"123456"} 
2022-02-11 16:28:46  POST /api/user/login-admin 200 59.703 ms - 12 Body {"email":"nirator.game@gmail.com","password":"123456"} 
2022-02-11 16:28:47  POST /api/user/login-admin 200 59.004 ms - 12 Body {"email":"nirator.game@gmail.com","password":"123456"} 
2022-02-11 16:28:55  POST /api/user/login-admin 200 1.490 ms - 12 Body {"email":"noguizeweb*@gmail.com","password":"123456"} 
2022-02-11 16:28:57  POST /api/user/login-admin 200 57.565 ms - 791 Body {"email":"noguizeweb@gmail.com","password":"123456"} 
2022-02-11 16:29:1  GET /api/password-keys 200 1.739 ms - 22 Body {} 
2022-02-11 16:29:2  GET /api/users 200 1.891 ms - 1092 Body {} 
2022-02-11 16:29:6  PUT /api/user/1 200 22.593 ms - 216 Body {"nom":"Duval","prenom":"Clement","email":"nirator.game@gmail.com","telephone":"0120202020","adresse":"5 rue ici","ville":"St Cyr","codePostal":"78210","pays":"France","role":"super-admin","id":1} 
2022-02-11 16:29:6  GET /api/users 200 3.367 ms - 1099 Body {} 
2022-02-11 16:30:27  GET /api/users 200 17.573 ms - 1099 Body {} 
2022-02-11 16:30:44  GET /api/users 200 5.716 ms - 1099 Body {} 
2022-02-11 16:31:3  GET /api/password-keys 200 6.607 ms - 22 Body {} 
2022-02-11 16:31:7  GET /api/users 200 2.774 ms - 1099 Body {} 
2022-02-11 16:31:11  GET /api/password-keys 200 1.961 ms - 22 Body {} 
2022-02-11 16:31:14  GET /api/users 200 2.289 ms - 1099 Body {} 
2022-02-11 16:31:50  POST /api/user/forgot-password-request 200 30.349 ms - 12 Body {"email":"noguizeweb@gmail.com"} 
2022-02-11 16:31:53  POST /api/user/forgot-password-request 200 14.501 ms - 12 Body {"email":"noguizeweb@gmail.com"} 
2022-02-11 16:31:54  POST /api/user/forgot-password-request 200 8.213 ms - 12 Body {"email":"noguizeweb@gmail.com"} 
2022-02-11 16:31:54  POST /api/user/forgot-password-request 200 6.468 ms - 12 Body {"email":"noguizeweb@gmail.com"} 
2022-02-11 16:31:54  POST /api/user/forgot-password-request 200 7.824 ms - 12 Body {"email":"noguizeweb@gmail.com"} 
2022-02-11 16:31:55  POST /api/user/forgot-password-request 200 11.051 ms - 12 Body {"email":"noguizeweb@gmail.com"} 
2022-02-11 16:32:5  GET /api/password-keys 200 2.934 ms - 741 Body {} 
2022-02-11 16:32:10  DELETE /api/password-key/6 200 19.619 ms - 12 Body {} 
2022-02-11 16:32:10  GET /api/password-keys 200 1.340 ms - 621 Body {} 
2022-02-11 16:32:11  DELETE /api/password-key/5 200 7.971 ms - 12 Body {} 
2022-02-11 16:32:11  GET /api/password-keys 200 1.510 ms - 501 Body {} 
2022-02-11 16:32:12  DELETE /api/password-key/4 200 8.637 ms - 12 Body {} 
2022-02-11 16:32:12  GET /api/password-keys 200 1.303 ms - 381 Body {} 
2022-02-11 16:32:14  DELETE /api/password-key/3 200 7.691 ms - 12 Body {} 
2022-02-11 16:32:14  GET /api/password-keys 200 1.403 ms - 261 Body {} 
2022-02-11 16:33:25  GET /api/password-keys 200 1.525 ms - 261 Body {} 
2022-02-11 16:33:30  GET /api/password-keys 200 30.705 ms - 261 Body {} 
2022-02-11 16:33:34  GET /api/password-keys 200 2.179 ms - 261 Body {} 
2022-02-11 16:33:38  GET /api/users 200 3.260 ms - 1099 Body {} 
2022-02-11 16:36:38  GET /api/users 200 2.351 ms - 1099 Body {} 
2022-02-11 16:37:1  GET /api/users 200 2.447 ms - 1099 Body {} 
2022-02-11 16:37:3  GET /api/users 200 2.885 ms - 1099 Body {} 
2022-02-11 16:37:24  GET /api/users 200 3.534 ms - 1099 Body {} 
2022-02-11 16:40:17  GET /api/users 200 3.199 ms - 1099 Body {} 
2022-02-11 16:40:23  GET /api/users 200 3.159 ms - 1099 Body {} 
2022-02-11 16:42:21  GET /api/users 200 2.263 ms - 1099 Body {} 
2022-02-11 16:42:31  GET /api/users 200 3.508 ms - 1099 Body {} 
2022-02-11 16:42:34  GET /api/users 200 1.763 ms - 1099 Body {} 
2022-02-11 16:42:51  GET /api/users 200 2.377 ms - 1099 Body {} 
2022-02-11 16:43:13  GET /api/users 200 2.552 ms - 1099 Body {} 
2022-02-11 16:43:41  GET /api/users 200 6.330 ms - 1099 Body {} 
2022-02-11 16:46:7  PUT /api/user/1 200 15.419 ms - 210 Body {"nom":"Duval","prenom":"Clement","email":"nirator.game@gmail.com","telephone":"0120202020","adresse":"5 rue ici","ville":"St Cyr","codePostal":"78210","pays":"France","role":"admin","id":1} 
2022-02-11 16:46:7  GET /api/users 200 3.945 ms - 1093 Body {} 
2022-02-11 16:46:10  PUT /api/user/4 200 22.470 ms - 207 Body {"nom":"Brisson","prenom":"Charlotte","email":"charlotte@gmail.com","telephone":"0120202020","adresse":"Rue ici","ville":"Paris","codePostal":"75000","pays":"France","role":"user","id":4} 
2022-02-11 16:46:10  GET /api/users 200 3.606 ms - 1086 Body {} 
2022-02-11 16:46:32  GET /api/users 200 5.929 ms - 1086 Body {} 
2022-02-11 16:46:44  GET /api/password-keys 200 1.900 ms - 261 Body {} 
2022-02-11 16:47:10  GET /api/password-keys 200 2.677 ms - 261 Body {} 
2022-02-11 16:56:44  GET /api/users 200 1.830 ms - 1086 Body {} 
2022-02-11 16:56:53  PUT /api/user/2 200 8.074 ms - 211 Body {"nom":"Serre","prenom":"Nolan","email":"noguizeweb@gmail.com","telephone":"0120202020","adresse":"80 rue ici","ville":"Versailles","codePostal":"78000","pays":"France","role":"admin","id":2} 
2022-02-11 16:56:53  GET /api/users 200 2.956 ms - 1080 Body {} 
2022-02-11 16:56:59  POST /api/user/login-admin 200 93.447 ms - 777 Body {"email":"noguizeweb@gmail.com","password":"123456"} 
2022-02-11 16:57:1  GET /api/users 200 5.539 ms - 283 Body {} 
2022-02-11 16:57:5  GET /api/password-keys 200 1.258 ms - 261 Body {} 
2022-02-11 16:57:7  GET /api/users 200 2.009 ms - 283 Body {} 
2022-02-11 16:57:10  POST /api/user/login-admin 200 57.128 ms - 775 Body {"email":"nirator.game@gmail.com","password":"123456"} 
2022-02-11 16:57:14  GET /api/users 200 2.194 ms - 283 Body {} 
2022-02-11 16:57:49  GET /api/users 200 1.537 ms - 283 Body {} 
2022-02-11 16:57:54  GET /api/users 200 1.405 ms - 283 Body {} 
2022-02-11 16:57:57  GET /api/users 200 5.816 ms - 283 Body {} 
2022-02-11 16:57:58  GET /api/password-keys 200 2.145 ms - 261 Body {} 
2022-02-11 16:57:59  GET /api/users 200 2.526 ms - 283 Body {} 
2022-02-11 16:58:6  GET /api/users 200 2.598 ms - 283 Body {} 
2022-02-11 16:58:9  POST /api/user/login-admin 200 55.120 ms - 791 Body {"email":"noguizeweb@gmail.com","password":"123456"} 
2022-02-11 16:58:11  GET /api/users 200 4.243 ms - 1086 Body {} 
2022-02-12 12:32:10  GET /api/password-keys 304 11.311 ms - - Body {} 
2022-02-12 12:32:11  GET /api/users 304 6.213 ms - - Body {} 
2022-02-12 12:32:13  DELETE /api/user/1 200 53.555 ms - 12 Body {} 
2022-02-12 12:32:13  GET /api/users 200 2.968 ms - 815 Body {} 
2022-02-12 12:32:17  GET /api/users 304 3.225 ms - - Body {} 
2022-02-12 12:32:18  GET /api/users 304 2.479 ms - - Body {} 
2022-02-12 12:32:26  GET /api/password-keys 304 2.601 ms - - Body {} 
2022-02-12 12:32:30  DELETE /api/password-key/2 200 65.703 ms - 12 Body {} 
2022-02-12 12:32:30  GET /api/password-keys 200 1.569 ms - 141 Body {} 
2022-02-12 12:32:33  DELETE /api/password-key/1 200 64.646 ms - 12 Body {} 
2022-02-12 12:32:33  GET /api/password-keys 200 4.832 ms - 22 Body {} 
2022-02-12 12:33:17  GET /api/password-keys 304 1.686 ms - - Body {} 
2022-02-12 12:33:21  POST /api/user/forgot-password-request 200 21.488 ms - 12 Body {"email":"noguizeweb@gmail.com"} 
2022-02-12 12:33:21  POST /api/user/forgot-password-request 200 14.881 ms - 12 Body {"email":"noguizeweb@gmail.com"} 
2022-02-12 12:33:22  POST /api/user/forgot-password-request 200 10.643 ms - 12 Body {"email":"noguizeweb@gmail.com"} 
2022-02-12 12:33:23  POST /api/user/forgot-password-request 200 10.850 ms - 12 Body {"email":"noguizeweb@gmail.com"} 
2022-02-12 12:33:30  GET /api/password-keys 200 5.866 ms - 502 Body {} 
2022-02-12 12:33:33  DELETE /api/password-key/7 200 8.578 ms - 12 Body {} 
2022-02-12 12:33:33  GET /api/password-keys 200 2.327 ms - 382 Body {} 
2022-02-12 12:33:33  GET /api/password-keys 200 1.784 ms - 382 Body {} 
2022-02-12 12:33:36  GET /api/password-keys 304 3.813 ms - - Body {} 
2022-02-12 12:38:38  GET /api/password-keys 304 1.436 ms - - Body {} 
2022-02-12 12:41:3  GET /api/users 304 2.320 ms - - Body {} 
2022-02-12 12:41:4  GET /api/password-keys 304 1.597 ms - - Body {} 
2022-02-12 12:43:21  GET /api/password-keys 304 1.863 ms - - Body {} 
2022-02-12 12:43:42  GET /api/password-keys 304 2.700 ms - - Body {} 
2022-02-12 12:43:52  GET /api/password-keys 304 2.010 ms - - Body {} 
2022-02-12 12:44:12  GET /api/password-keys 304 1.558 ms - - Body {} 
2022-02-12 12:44:37  GET /api/password-keys 304 1.742 ms - - Body {} 
2022-02-12 12:44:40  GET /api/password-keys 304 1.739 ms - - Body {} 
2022-02-12 12:44:51  GET /api/password-keys 304 1.516 ms - - Body {} 
2022-02-12 12:44:53  GET /api/password-keys 304 1.572 ms - - Body {} 
2022-02-12 12:45:0  GET /api/password-keys 304 1.743 ms - - Body {} 
2022-02-12 12:45:6  GET /api/password-keys 304 1.427 ms - - Body {} 
2022-02-12 12:45:20  GET /api/password-keys 304 2.088 ms - - Body {} 
2022-02-12 12:45:40  GET /api/password-keys 304 1.745 ms - - Body {} 
2022-02-12 12:45:47  GET /api/password-keys 304 1.420 ms - - Body {} 
2022-02-12 12:45:54  GET /api/password-keys 304 1.645 ms - - Body {} 
2022-02-12 12:46:0  GET /api/password-keys 304 1.730 ms - - Body {} 
2022-02-12 12:46:36  GET /api/password-keys 304 1.549 ms - - Body {} 
2022-02-12 12:46:53  GET /api/password-keys 304 1.648 ms - - Body {} 
2022-02-12 12:47:2  GET /api/password-keys 304 1.659 ms - - Body {} 
2022-02-12 12:47:9  GET /api/password-keys 304 1.817 ms - - Body {} 
2022-02-12 12:47:16  GET /api/password-keys 304 1.770 ms - - Body {} 
2022-02-12 12:48:16  GET /api/password-keys 304 2.196 ms - - Body {} 
2022-02-12 12:48:22  GET /api/password-keys 304 1.442 ms - - Body {} 
2022-02-12 12:48:31  GET /api/password-keys 304 1.367 ms - - Body {} 
2022-02-12 12:48:47  GET /api/password-keys 304 1.633 ms - - Body {} 
2022-02-12 12:48:56  GET /api/password-keys 304 1.783 ms - - Body {} 
2022-02-12 12:49:9  GET /api/password-keys 304 2.306 ms - - Body {} 
2022-02-12 12:49:12  GET /api/password-keys 304 1.570 ms - - Body {} 
2022-02-12 12:49:22  GET /api/password-keys 304 1.486 ms - - Body {} 
2022-02-12 12:50:47  GET /api/password-keys 200 1.413 ms - 382 Body {} 
2022-02-12 13:37:32  GET /api/password-keys 200 2.965 ms - 382 Body {} 
2022-02-12 13:38:1  GET /api/password-keys 200 2.444 ms - 382 Body {} 
2022-02-12 13:38:29  GET /api/password-keys 200 2.468 ms - 382 Body {} 
2022-02-12 13:38:49  GET /api/password-keys 200 1.419 ms - 382 Body {} 
2022-02-12 13:38:52  GET /api/password-keys 200 1.365 ms - 382 Body {} 
2022-02-12 13:39:18  GET /api/password-keys 200 1.482 ms - 382 Body {} 
2022-02-12 13:39:22  GET /api/password-keys 200 1.420 ms - 382 Body {} 
2022-02-12 13:39:27  GET /api/password-keys 200 1.397 ms - 382 Body {} 
2022-02-12 13:39:31  GET /api/password-keys 200 1.515 ms - 382 Body {} 
2022-02-12 13:39:38  GET /api/password-keys 200 1.386 ms - 382 Body {} 
2022-02-12 13:39:57  GET /api/password-keys 200 1.368 ms - 382 Body {} 
2022-02-12 13:40:20  GET /api/password-keys 200 1.756 ms - 382 Body {} 
2022-02-12 13:40:24  GET /api/password-keys 200 1.404 ms - 382 Body {} 
2022-02-12 13:41:15  GET /api/password-keys 200 1.713 ms - 382 Body {} 
2022-02-12 13:41:23  GET /api/password-keys 200 1.762 ms - 382 Body {} 
2022-02-12 13:41:36  GET /api/password-keys 200 1.361 ms - 382 Body {} 
2022-02-12 13:41:44  GET /api/password-keys 200 1.367 ms - 382 Body {} 
2022-02-12 13:43:53  GET /api/password-keys 200 2.377 ms - 382 Body {} 
2022-02-12 13:44:18  GET /api/password-keys 304 1.779 ms - - Body {} 
2022-02-12 13:44:20  GET /api/users 304 2.591 ms - - Body {} 
2022-02-12 13:44:21  GET /api/password-keys 304 1.447 ms - - Body {} 
2022-02-12 13:44:26  GET /api/password-keys 304 1.599 ms - - Body {} 
2022-02-12 13:44:37  GET /api/password-keys 304 2.429 ms - - Body {} 
2022-02-12 13:44:42  GET /api/password-keys 304 1.611 ms - - Body {} 
2022-02-12 13:45:33  GET /api/password-keys 304 1.653 ms - - Body {} 
2022-02-12 13:46:14  GET /api/users 304 1.753 ms - - Body {} 
2022-02-12 13:46:16  GET /api/password-keys 304 1.488 ms - - Body {} 
2022-02-12 13:46:22  GET /api/password-keys 304 2.175 ms - - Body {} 
2022-02-12 13:46:24  GET /api/users 304 2.266 ms - - Body {} 
2022-02-12 13:46:51  GET /api/users 304 1.769 ms - - Body {} 
2022-02-12 13:47:7  GET /api/users 304 2.122 ms - - Body {} 
2022-02-12 13:47:9  GET /api/password-keys 304 1.659 ms - - Body {} 
2022-02-12 13:47:29  GET /api/password-keys 304 1.582 ms - - Body {} 
2022-02-12 13:47:38  GET /api/password-keys 304 1.480 ms - - Body {} 
2022-02-12 13:47:40  GET /api/users 304 1.788 ms - - Body {} 
2022-02-12 13:47:53  GET /api/users 304 2.127 ms - - Body {} 
2022-02-12 13:48:5  GET /api/users 304 3.460 ms - - Body {} 
2022-02-12 13:48:22  GET /api/users 304 2.104 ms - - Body {} 
2022-02-12 13:48:25  GET /api/users 304 1.795 ms - - Body {} 
2022-02-12 13:48:33  GET /api/users 304 2.112 ms - - Body {} 
2022-02-12 13:49:0  GET /api/users 304 1.669 ms - - Body {} 
2022-02-12 13:49:5  GET /api/users 304 1.976 ms - - Body {} 
2022-02-12 13:50:1  GET /api/users 304 2.008 ms - - Body {} 
2022-02-12 13:50:4  GET /api/users 304 2.630 ms - - Body {} 
2022-02-12 13:50:5  GET /api/password-keys 304 1.365 ms - - Body {} 
2022-02-12 13:53:11  GET /api/password-keys 304 2.240 ms - - Body {} 
2022-02-12 13:53:27  GET /api/password-keys 304 1.361 ms - - Body {} 
2022-02-12 13:53:34  GET /api/password-keys 304 1.544 ms - - Body {} 
2022-02-12 13:54:36  GET /api/password-keys 304 1.348 ms - - Body {} 
2022-02-12 13:56:18  GET /api/users 304 1.931 ms - - Body {} 
2022-02-12 13:56:20  GET /api/password-keys 304 1.868 ms - - Body {} 
2022-02-12 13:57:27  GET /api/password-keys 304 1.610 ms - - Body {} 
2022-02-12 13:57:28  GET /api/users 304 1.733 ms - - Body {} 
2022-02-12 13:57:57  GET /api/users 304 2.141 ms - - Body {} 
2022-02-12 13:58:0  GET /api/users 304 1.743 ms - - Body {} 
2022-02-12 13:58:29  GET /api/users 304 2.464 ms - - Body {} 
2022-02-12 13:58:30  GET /api/users 304 1.700 ms - - Body {} 
2022-02-12 13:58:58  GET /api/users 304 2.597 ms - - Body {} 
2022-02-12 13:59:15  GET /api/users 304 2.191 ms - - Body {} 
2022-02-12 13:59:17  GET /api/users 304 1.609 ms - - Body {} 
2022-02-12 13:59:20  GET /api/users 304 1.781 ms - - Body {} 
2022-02-12 13:59:48  GET /api/users 304 1.825 ms - - Body {} 
2022-02-12 13:59:49  GET /api/users 304 2.793 ms - - Body {} 
2022-02-12 13:59:58  GET /api/users 304 1.627 ms - - Body {} 
2022-02-12 14:0:0  GET /api/users 304 2.318 ms - - Body {} 
2022-02-12 14:0:9  GET /api/users 304 1.876 ms - - Body {} 
2022-02-12 14:0:34  GET /api/users 304 2.147 ms - - Body {} 
2022-02-12 14:0:40  GET /api/users 304 1.958 ms - - Body {} 
2022-02-12 14:0:42  GET /api/password-keys 304 1.642 ms - - Body {} 
2022-02-12 14:1:28  GET /api/password-keys 304 2.170 ms - - Body {} 
2022-02-12 14:1:38  GET /api/password-keys 304 1.345 ms - - Body {} 
2022-02-12 14:1:40  GET /api/users 304 1.757 ms - - Body {} 
2022-02-12 14:2:27  GET /api/users 304 1.634 ms - - Body {} 
2022-02-12 14:2:29  GET /api/users 304 1.492 ms - - Body {} 
2022-02-12 14:2:38  GET /api/users 304 3.595 ms - - Body {} 
2022-02-12 14:2:40  GET /api/users 304 2.091 ms - - Body {} 
2022-02-12 14:2:42  GET /api/password-keys 304 1.486 ms - - Body {} 
2022-02-12 14:2:52  GET /api/password-keys 304 1.597 ms - - Body {} 
2022-02-12 14:3:51  GET /api/password-keys 304 1.308 ms - - Body {} 
2022-02-12 14:3:55  GET /api/users 304 3.027 ms - - Body {} 
2022-02-12 14:3:56  GET /api/password-keys 304 1.634 ms - - Body {} 
2022-02-12 14:4:19  GET /api/password-keys 304 1.380 ms - - Body {} 
2022-02-12 14:4:24  GET /api/password-keys 304 1.347 ms - - Body {} 
2022-02-12 14:4:26  GET /api/users 304 1.871 ms - - Body {} 
2022-02-12 14:4:34  GET /api/users 304 2.314 ms - - Body {} 
2022-02-12 14:4:55  GET /api/users 304 1.935 ms - - Body {} 
2022-02-12 14:6:26  GET /api/password-keys 304 1.595 ms - - Body {} 
2022-02-12 14:6:27  GET /api/users 304 1.551 ms - - Body {} 
2022-02-12 14:6:46  GET /api/users 304 1.528 ms - - Body {} 
2022-02-12 14:6:53  GET /api/users 304 2.341 ms - - Body {} 
2022-02-12 14:6:54  GET /api/users 304 1.890 ms - - Body {} 
2022-02-12 14:6:55  GET /api/password-keys 304 3.204 ms - - Body {} 
2022-02-12 14:7:5  GET /api/password-keys 304 1.479 ms - - Body {} 
2022-02-12 14:7:9  GET /api/users 304 1.607 ms - - Body {} 
2022-02-12 14:7:18  GET /api/users 304 3.116 ms - - Body {} 
2022-02-12 14:7:20  GET /api/users 304 1.534 ms - - Body {} 
2022-02-12 14:7:20  GET /api/password-keys 304 2.101 ms - - Body {} 
2022-02-12 14:7:25  GET /api/password-keys 304 1.423 ms - - Body {} 
2022-02-12 14:7:35  GET /api/password-keys 304 1.678 ms - - Body {} 
2022-02-12 14:7:38  GET /api/users 304 1.970 ms - - Body {} 
2022-02-12 14:7:51  GET /api/users 304 1.606 ms - - Body {} 
2022-02-12 14:8:12  GET /api/users 304 1.631 ms - - Body {} 
2022-02-12 22:3:51  GET /api/users 304 14.584 ms - - Body {} 
2022-02-12 22:3:55  GET /api/password-keys 304 3.448 ms - - Body {} 
2022-02-12 22:4:0  GET /api/users 304 2.261 ms - - Body {} 
2022-02-12 22:4:1  GET /api/password-keys 304 1.706 ms - - Body {} 
2022-02-12 22:4:3  GET /api/users 304 1.568 ms - - Body {} 
2022-02-12 22:4:5  GET /api/password-keys 304 1.196 ms - - Body {} 
2022-02-12 22:4:15  GET /api/users 304 1.631 ms - - Body {} 
2022-02-12 22:5:2  GET /api/password-keys 304 1.525 ms - - Body {} 
2022-02-12 22:5:40  GET /api/users 304 2.076 ms - - Body {} 
2022-02-12 22:5:41  GET /api/password-keys 304 2.291 ms - - Body {} 
2022-02-12 22:6:0  GET /api/users 304 1.997 ms - - Body {} 
2022-02-12 22:6:0  GET /api/password-keys 304 1.554 ms - - Body {} 
2022-02-12 22:6:5  GET /api/password-keys 304 1.512 ms - - Body {} 
2022-02-12 22:6:6  GET /api/users 304 1.794 ms - - Body {} 
2022-02-12 22:6:10  GET /api/users 304 2.480 ms - - Body {} 
2022-02-12 22:6:11  GET /api/password-keys 304 1.263 ms - - Body {} 
2022-02-12 22:6:13  GET /api/users 304 1.840 ms - - Body {} 
2022-02-12 22:6:18  GET /api/users 304 1.582 ms - - Body {} 
2022-02-12 22:6:18  GET /api/password-keys 304 1.404 ms - - Body {} 
2022-02-12 22:6:19  GET /api/users 304 1.746 ms - - Body {} 
2022-02-12 22:6:22  GET /api/password-keys 304 1.256 ms - - Body {} 
2022-02-12 22:6:28  GET /api/password-keys 304 1.154 ms - - Body {} 
2022-02-12 22:6:30  GET /api/users 304 1.654 ms - - Body {} 
2022-02-12 22:6:34  GET /api/users 304 1.892 ms - - Body {} 
2022-02-12 22:6:34  GET /api/password-keys 304 1.305 ms - - Body {} 
2022-02-12 22:6:42  GET /api/password-keys 304 1.359 ms - - Body {} 
2022-02-12 22:6:43  GET /api/users 304 2.488 ms - - Body {} 
2022-02-12 22:6:50  GET /api/users 304 1.347 ms - - Body {} 
2022-02-12 22:6:51  GET /api/password-keys 304 2.512 ms - - Body {} 
2022-02-12 22:6:52  GET /api/users 304 1.789 ms - - Body {} 
2022-02-12 22:6:55  GET /api/password-keys 304 1.385 ms - - Body {} 
2022-02-12 22:7:7  GET /api/password-keys 304 1.392 ms - - Body {} 
